[    0.000000] Initializing cgroup subsys cpuset
[    0.000000] Initializing cgroup subsys cpu
[    0.000000] Initializing cgroup subsys cpuacct
[    0.000000] Linux version 4.4.0-122-generic (buildd@lcy01-amd64-005) (gcc version 5.4.0 20160609 (Ubuntu 5.4.0-6ubuntu1~16.04.9) ) #146-Ubuntu SMP Mon Apr 23 15:34:04 UTC 2018 (Ubuntu 4.4.0-122.146-generic 4.4.117)
[    0.000000] Command line: BOOT_IMAGE=/boot/vmlinuz-4.4.0-122-generic root=LABEL=cloudimg-rootfs ro console=tty1 console=ttyS0
[    0.000000] KERNEL supported cpus:
[    0.000000]   Intel GenuineIntel
[    0.000000]   AMD AuthenticAMD
[    0.000000]   Centaur CentaurHauls
[    0.000000] x86/fpu: xstate_offset[2]:  576, xstate_sizes[2]:  256
[    0.000000] x86/fpu: Supporting XSAVE feature 0x01: 'x87 floating point registers'
[    0.000000] x86/fpu: Supporting XSAVE feature 0x02: 'SSE registers'
[    0.000000] x86/fpu: Supporting XSAVE feature 0x04: 'AVX registers'
[    0.000000] x86/fpu: Enabled xstate features 0x7, context size is 832 bytes, using 'standard' format.
[    0.000000] x86/fpu: Using 'lazy' FPU context switches.
[    0.000000] e820: BIOS-provided physical RAM map:
[    0.000000] BIOS-e820: [mem 0x0000000000000000-0x000000000009fbff] usable
[    0.000000] BIOS-e820: [mem 0x000000000009fc00-0x000000000009ffff] reserved
[    0.000000] BIOS-e820: [mem 0x00000000000f0000-0x00000000000fffff] reserved
[    0.000000] BIOS-e820: [mem 0x0000000000100000-0x000000003ffeffff] usable
[    0.000000] BIOS-e820: [mem 0x000000003fff0000-0x000000003fffffff] ACPI data
[    0.000000] BIOS-e820: [mem 0x00000000fec00000-0x00000000fec00fff] reserved
[    0.000000] BIOS-e820: [mem 0x00000000fee00000-0x00000000fee00fff] reserved
[    0.000000] BIOS-e820: [mem 0x00000000fffc0000-0x00000000ffffffff] reserved
[    0.000000] NX (Execute Disable) protection: active
[    0.000000] SMBIOS 2.5 present.
[    0.000000] Hypervisor detected: KVM
[    0.000000] e820: last_pfn = 0x3fff0 max_arch_pfn = 0x400000000
[    0.000000] MTRR: Disabled
[    0.000000] x86/PAT: MTRRs disabled, skipping PAT initialization too.
[    0.000000] CPU MTRRs all blank - virtualized system.
[    0.000000] x86/PAT: Configuration [0-7]: WB  WT  UC- UC  WB  WT  UC- UC  
[    0.000000] found SMP MP-table at [mem 0x0009fff0-0x0009ffff] mapped at [ffff88000009fff0]
[    0.000000] Scanning 1 areas for low memory corruption
[    0.000000] RAMDISK: [mem 0x36ad6000-0x37562fff]
[    0.000000] ACPI: Early table checksum verification disabled
[    0.000000] ACPI: RSDP 0x00000000000E0000 000024 (v02 VBOX  )
[    0.000000] ACPI: XSDT 0x000000003FFF0030 00003C (v01 VBOX   VBOXXSDT 00000001 ASL  00000061)
[    0.000000] ACPI: FACP 0x000000003FFF00F0 0000F4 (v04 VBOX   VBOXFACP 00000001 ASL  00000061)
[    0.000000] ACPI: DSDT 0x000000003FFF0470 0021FF (v02 VBOX   VBOXBIOS 00000002 INTL 20100528)
[    0.000000] ACPI: FACS 0x000000003FFF0200 000040
[    0.000000] ACPI: FACS 0x000000003FFF0200 000040
[    0.000000] ACPI: APIC 0x000000003FFF0240 00005C (v02 VBOX   VBOXAPIC 00000001 ASL  00000061)
[    0.000000] ACPI: SSDT 0x000000003FFF02A0 0001CC (v01 VBOX   VBOXCPUT 00000002 INTL 20100528)
[    0.000000] No NUMA configuration found
[    0.000000] Faking a node at [mem 0x0000000000000000-0x000000003ffeffff]
[    0.000000] NODE_DATA(0) allocated [mem 0x3ffeb000-0x3ffeffff]
[    0.000000] kvm-clock: Using msrs 4b564d01 and 4b564d00
[    0.000000] kvm-clock: cpu 0, msr 0:3ffe3001, primary cpu clock
[    0.000000] kvm-clock: using sched offset of 3099869615 cycles
[    0.000000] clocksource: kvm-clock: mask: 0xffffffffffffffff max_cycles: 0x1cd42e4dffb, max_idle_ns: 881590591483 ns
[    0.000000] Zone ranges:
[    0.000000]   DMA      [mem 0x0000000000001000-0x0000000000ffffff]
[    0.000000]   DMA32    [mem 0x0000000001000000-0x000000003ffeffff]
[    0.000000]   Normal   empty
[    0.000000]   Device   empty
[    0.000000] Movable zone start for each node
[    0.000000] Early memory node ranges
[    0.000000]   node   0: [mem 0x0000000000001000-0x000000000009efff]
[    0.000000]   node   0: [mem 0x0000000000100000-0x000000003ffeffff]
[    0.000000] Initmem setup node 0 [mem 0x0000000000001000-0x000000003ffeffff]
[    0.000000] ACPI: PM-Timer IO Port: 0x4008
[    0.000000] IOAPIC[0]: apic_id 2, version 32, address 0xfec00000, GSI 0-23
[    0.000000] ACPI: INT_SRC_OVR (bus 0 bus_irq 0 global_irq 2 dfl dfl)
[    0.000000] ACPI: INT_SRC_OVR (bus 0 bus_irq 9 global_irq 9 high level)
[    0.000000] Using ACPI (MADT) for SMP configuration information
[    0.000000] smpboot: Allowing 2 CPUs, 0 hotplug CPUs
[    0.000000] PM: Registered nosave memory: [mem 0x00000000-0x00000fff]
[    0.000000] PM: Registered nosave memory: [mem 0x0009f000-0x0009ffff]
[    0.000000] PM: Registered nosave memory: [mem 0x000a0000-0x000effff]
[    0.000000] PM: Registered nosave memory: [mem 0x000f0000-0x000fffff]
[    0.000000] e820: [mem 0x40000000-0xfebfffff] available for PCI devices
[    0.000000] Booting paravirtualized kernel on KVM
[    0.000000] clocksource: refined-jiffies: mask: 0xffffffff max_cycles: 0xffffffff, max_idle_ns: 7645519600211568 ns
[    0.000000] setup_percpu: NR_CPUS:512 nr_cpumask_bits:512 nr_cpu_ids:2 nr_node_ids:1
[    0.000000] PERCPU: Embedded 34 pages/cpu @ffff88003fc00000 s99544 r8192 d31528 u1048576
[    0.000000] PV qspinlock hash table entries: 256 (order: 0, 4096 bytes)
[    0.000000] Built 1 zonelists in Node order, mobility grouping on.  Total pages: 257912
[    0.000000] Policy zone: DMA32
[    0.000000] Kernel command line: BOOT_IMAGE=/boot/vmlinuz-4.4.0-122-generic root=LABEL=cloudimg-rootfs ro console=tty1 console=ttyS0
[    0.000000] PID hash table entries: 4096 (order: 3, 32768 bytes)
[    0.000000] Memory: 1001720K/1048120K available (8532K kernel code, 1313K rwdata, 3996K rodata, 1508K init, 1316K bss, 46400K reserved, 0K cma-reserved)
[    0.000000] SLUB: HWalign=64, Order=0-3, MinObjects=0, CPUs=2, Nodes=1
[    0.000000] Kernel/User page tables isolation: enabled
[    0.000000] Hierarchical RCU implementation.
[    0.000000] 	Build-time adjustment of leaf fanout to 64.
[    0.000000] 	RCU restricting CPUs from NR_CPUS=512 to nr_cpu_ids=2.
[    0.000000] RCU: Adjusting geometry for rcu_fanout_leaf=64, nr_cpu_ids=2
[    0.000000] NR_IRQS:33024 nr_irqs:440 16
[    0.000000] Console: colour VGA+ 80x25
[    0.000000] console [tty1] enabled
[    0.000000] console [ttyS0] enabled
[    0.000000] tsc: Detected 2593.994 MHz processor
[   12.598735] Calibrating delay loop (skipped) preset value.. 5187.98 BogoMIPS (lpj=10375976)
[   12.687695] pid_max: default: 32768 minimum: 301
[   12.766008] ACPI: Core revision 20150930
[   12.829091] ACPI: 2 ACPI AML tables successfully acquired and loaded
[   12.924056] Security Framework initialized
[   12.983817] Yama: becoming mindful.
[   13.040708] AppArmor: AppArmor initialized
[   13.125426] Dentry cache hash table entries: 131072 (order: 8, 1048576 bytes)
[   13.263920] Inode-cache hash table entries: 65536 (order: 7, 524288 bytes)
[   13.371769] Mount-cache hash table entries: 2048 (order: 2, 16384 bytes)
[   13.435025] Mountpoint-cache hash table entries: 2048 (order: 2, 16384 bytes)
[   13.552504] Initializing cgroup subsys io
[   13.609359] Initializing cgroup subsys memory
[   13.686899] Initializing cgroup subsys devices
[   13.777314] Initializing cgroup subsys freezer
[   13.857590] Initializing cgroup subsys net_cls
[   13.918667] Initializing cgroup subsys perf_event
[   13.986305] Initializing cgroup subsys net_prio
[   14.057009] Initializing cgroup subsys hugetlb
[   14.127846] Initializing cgroup subsys pids
[   14.190806] CPU: Physical Processor ID: 0
[   14.257995] CPU: Processor Core ID: 0
[   14.320721] FEATURE SPEC_CTRL Not Present
[   14.383913] mce: CPU supports 0 MCE banks
[   14.457418] Last level iTLB entries: 4KB 1024, 2MB 1024, 4MB 1024
[   14.548764] Last level dTLB entries: 4KB 1024, 2MB 1024, 4MB 1024, 1GB 4
[   14.673613] Spectre V2 mitigation: Mitigation: Full generic retpoline
[   14.790920] Spectre V2 mitigation: Speculation control IBPB not-supported IBRS not-supported
[   14.928566] Freeing SMP alternatives memory: 32K
[   15.015599] ftrace: allocating 32202 entries in 126 pages
[   15.152594] smpboot: APIC(0) Converting physical 0 to logical package 0
[   15.278614] smpboot: Max logical packages: 1
[   15.347890] x2apic enabled
[   15.394257] Switched APIC routing to physical x2apic.
[   15.475841] ..TIMER: vector=0x30 apic1=0 pin1=2 apic2=-1 pin2=-1
[   15.706367] smpboot: CPU0: Intel(R) Core(TM) i7-4960HQ CPU @ 2.60GHz (family: 0x6, model: 0x46, stepping: 0x1)
[   15.891042] Performance Events: unsupported p6 CPU model 70 no PMU driver, software events only.
[   16.080554] KVM setup paravirtual spinlock
[   16.151522] x86: Booting SMP configuration:
[   16.238139] .... node  #0, CPUs:      #1
[   16.314476] kvm-clock: cpu 1, msr 0:3ffe3041, secondary cpu clock
[   16.471495] mce: CPU supports 0 MCE banks
[   16.549975] x86: Booted up 1 node, 2 CPUs
[   16.627911] smpboot: Total of 2 processors activated (10375.97 BogoMIPS)
[   16.716811] devtmpfs: initialized
[   16.742020] evm: security.selinux
[   16.786229] evm: security.SMACK64
[   16.787068] evm: security.SMACK64EXEC
[   16.787902] evm: security.SMACK64TRANSMUTE
[   16.869378] evm: security.SMACK64MMAP
[   16.898029] evm: security.ima
[   16.918780] evm: security.capability
[   16.966501] clocksource: jiffies: mask: 0xffffffff max_cycles: 0xffffffff, max_idle_ns: 7645041785100000 ns
[   17.197975] futex hash table entries: 512 (order: 3, 32768 bytes)
[   17.311545] pinctrl core: initialized pinctrl subsystem
[   17.403447] RTC time: 14:58:19, date: 07/06/18
[   17.480578] NET: Registered protocol family 16
[   17.559712] cpuidle: using governor ladder
[   17.655961] cpuidle: using governor menu
[   17.733618] PCCT header not found.
[   17.791290] ACPI: bus type PCI registered
[   17.818883] acpiphp: ACPI Hot Plug PCI Controller Driver version: 0.5
[   17.880704] PCI: Using configuration type 1 for base access
[   17.997752] ACPI: Added _OSI(Module Device)
[   18.069780] ACPI: Added _OSI(Processor Device)
[   18.160354] ACPI: Added _OSI(3.0 _SCP Extensions)
[   18.199435] ACPI: Added _OSI(Processor Aggregator Device)
[   18.309370] ACPI: Executed 1 blocks of module-level executable AML code
[   18.441828] ACPI: Interpreter enabled
[   18.515534] ACPI: (supports S0 S5)
[   18.575577] ACPI: Using IOAPIC for interrupt routing
[   18.649856] PCI: Using host bridge windows from ACPI; if necessary, use "pci=nocrs" and report a bug
[   18.831675] ACPI: PCI Root Bridge [PCI0] (domain 0000 [bus 00-ff])
[   18.903539] acpi PNP0A03:00: _OSC: OS supports [ASPM ClockPM Segments MSI]
[   18.986040] acpi PNP0A03:00: _OSC: not requesting OS control; OS requires [ExtendedConfig ASPM ClockPM MSI]
[   19.166973] acpi PNP0A03:00: fail to add MMCONFIG information, can't access extended PCI configuration space under this bridge.
[   19.373302] PCI host bridge to bus 0000:00
[   19.433706] pci_bus 0000:00: root bus resource [io  0x0000-0x0cf7 window]
[   19.538812] pci_bus 0000:00: root bus resource [io  0x0d00-0xffff window]
[   19.673669] pci_bus 0000:00: root bus resource [mem 0x000a0000-0x000bffff window]
[   19.833143] pci_bus 0000:00: root bus resource [mem 0x40000000-0xffdfffff window]
[   19.948805] pci_bus 0000:00: root bus resource [bus 00-ff]
[   20.004146] pci 0000:00:01.1: legacy IDE quirk: reg 0x10: [io  0x01f0-0x01f7]
[   20.121438] pci 0000:00:01.1: legacy IDE quirk: reg 0x14: [io  0x03f6]
[   20.244670] pci 0000:00:01.1: legacy IDE quirk: reg 0x18: [io  0x0170-0x0177]
[   20.374561] pci 0000:00:01.1: legacy IDE quirk: reg 0x1c: [io  0x0376]
[   20.515487] pci 0000:00:07.0: quirk: [io  0x4000-0x403f] claimed by PIIX4 ACPI
[   20.654624] pci 0000:00:07.0: quirk: [io  0x4100-0x410f] claimed by PIIX4 SMB
[   20.770841] ACPI: PCI Interrupt Link [LNKA] (IRQs 5 9 10 *11)
[   20.894261] ACPI: PCI Interrupt Link [LNKB] (IRQs 5 9 10 *11)
[   20.994723] ACPI: PCI Interrupt Link [LNKC] (IRQs 5 9 *10 11)
[   21.085411] ACPI: PCI Interrupt Link [LNKD] (IRQs 5 *9 10 11)
[   21.158759] ACPI: Enabled 2 GPEs in block 00 to 07
[   21.250989] vgaarb: setting as boot device: PCI:0000:00:02.0
[   21.355022] vgaarb: device added: PCI:0000:00:02.0,decodes=io+mem,owns=io+mem,locks=none
[   21.502198] vgaarb: loaded
[   21.551163] vgaarb: bridge control possible 0000:00:02.0
[   21.642740] SCSI subsystem initialized
[   21.703009] ACPI: bus type USB registered
[   21.772638] usbcore: registered new interface driver usbfs
[   21.871350] usbcore: registered new interface driver hub
[   21.978784] usbcore: registered new device driver usb
[   22.060972] PCI: Using ACPI for IRQ routing
[   22.131835] NetLabel: Initializing
[   22.185768] NetLabel:  domain hash size = 128
[   22.210867] NetLabel:  protocols = UNLABELED CIPSOv4
[   22.224255] NetLabel:  unlabeled traffic allowed by default
[   22.328216] amd_nb: Cannot enumerate AMD northbridges
[   22.424998] clocksource: Switched to clocksource kvm-clock
[   22.541168] AppArmor: AppArmor Filesystem Enabled
[   22.662684] pnp: PnP ACPI init
[   22.733815] pnp: PnP ACPI: found 3 devices
[   22.839158] clocksource: acpi_pm: mask: 0xffffff max_cycles: 0xffffff, max_idle_ns: 2085701024 ns
[   23.084349] NET: Registered protocol family 2
[   23.197207] TCP established hash table entries: 8192 (order: 4, 65536 bytes)
[   23.346134] TCP bind hash table entries: 8192 (order: 5, 131072 bytes)
[   23.490270] TCP: Hash tables configured (established 8192 bind 8192)
[   23.653995] UDP hash table entries: 512 (order: 2, 16384 bytes)
[   23.806970] UDP-Lite hash table entries: 512 (order: 2, 16384 bytes)
[   23.963921] NET: Registered protocol family 1
[   24.079478] pci 0000:00:00.0: Limiting direct PCI/PCI transfers
[   24.243541] pci 0000:00:01.0: Activating ISA DMA hang workarounds
[   24.394138] Unpacking initramfs...
[   25.891366] Freeing initrd memory: 10804K
[   26.014761] platform rtc_cmos: registered platform RTC device (no PNP device found)
[   26.236264] Scanning for low memory corruption every 60 seconds
[   26.387736] audit: initializing netlink subsys (disabled)
[   26.388892] audit: type=2000 audit(1530889091.539:1): initialized
[   26.521651] Initialise system trusted keyring
[   26.583908] HugeTLB registered 2 MB page size, pre-allocated 0 pages
[   26.719072] zbud: loaded
[   26.791717] VFS: Disk quotas dquot_6.6.0
[   26.912325] VFS: Dquot-cache hash table entries: 512 (order 0, 4096 bytes)
[   27.100881] tsc: Refined TSC clocksource calibration: 2595.477 MHz
[   27.282513] clocksource: tsc: mask: 0xffffffffffffffff max_cycles: 0x25698b6ec57, max_idle_ns: 440795229737 ns
[   27.282780] squashfs: version 4.0 (2009/01/31) Phillip Lougher
[   27.282962] fuse init (API version 7.23)
[   27.283060] Key type big_key registered
[   27.283077] Allocating IMA MOK and blacklist keyrings.
[   27.283244] Key type asymmetric registered
[   27.283246] Asymmetric key parser 'x509' registered
[   27.283272] Block layer SCSI generic (bsg) driver version 0.4 loaded (major 249)
[   27.283296] io scheduler noop registered
[   27.283298] io scheduler deadline registered (default)
[   27.283319] io scheduler cfq registered
[   27.283398] pci_hotplug: PCI Hot Plug PCI Core version: 0.5
[   27.283402] pciehp: PCI Express Hot Plug Controller Driver version: 0.4
[   27.283736] ACPI: AC Adapter [AC] (on-line)
[   27.283778] input: Power Button as /devices/LNXSYSTM:00/LNXPWRBN:00/input/input0
[   27.283780] ACPI: Power Button [PWRF]
[   27.283853] input: Sleep Button as /devices/LNXSYSTM:00/LNXSLPBN:00/input/input1
[   27.283854] ACPI: Sleep Button [SLPF]
[   27.283980] GHES: HEST is not enabled!
[   27.284992] ACPI: Battery Slot [BAT0] (battery present)
[   27.285028] Serial: 8250/16550 driver, 32 ports, IRQ sharing enabled
[   27.599874] 00:02: ttyS0 at I/O 0x3f8 (irq = 4, base_baud = 115200) is a 16550A
[   27.718881] Linux agpgart interface v0.103
[   27.760951] loop: module loaded
[   27.761552] scsi host0: ata_piix
[   27.761605] scsi host1: ata_piix
[   27.761628] ata1: PATA max UDMA/33 cmd 0x1f0 ctl 0x3f6 bmdma 0xd000 irq 14
[   27.761629] ata2: PATA max UDMA/33 cmd 0x170 ctl 0x376 bmdma 0xd008 irq 15
[   27.761692] libphy: Fixed MDIO Bus: probed
[   27.761694] tun: Universal TUN/TAP device driver, 1.6
[   27.761694] tun: (C) 1999-2004 Max Krasnyansky <maxk@qualcomm.com>
[   27.762088] PPP generic driver version 2.4.2
[   27.762136] ehci_hcd: USB 2.0 'Enhanced' Host Controller (EHCI) Driver
[   27.762139] ehci-pci: EHCI PCI platform driver
[   27.762151] ehci-platform: EHCI generic platform driver
[   27.762157] ohci_hcd: USB 1.1 'Open' Host Controller (OHCI) Driver
[   27.762161] ohci-pci: OHCI PCI platform driver
[   27.762167] ohci-platform: OHCI generic platform driver
[   27.762173] uhci_hcd: USB Universal Host Controller Interface driver
[   27.762282] i8042: PNP: PS/2 Controller [PNP0303:PS2K,PNP0f03:PS2M] at 0x60,0x64 irq 1,12
[   27.816844] serio: i8042 KBD port at 0x60,0x64 irq 1
[   27.816850] serio: i8042 AUX port at 0x60,0x64 irq 12
[   27.816972] mousedev: PS/2 mouse device common for all mice
[   27.817305] rtc_cmos rtc_cmos: rtc core: registered rtc_cmos as rtc0
[   27.817349] rtc_cmos rtc_cmos: alarms up to one day, 114 bytes nvram
[   27.817354] i2c /dev entries driver
[   27.817403] device-mapper: uevent: version 1.0.3
[   27.817456] device-mapper: ioctl: 4.34.0-ioctl (2015-10-28) initialised: dm-devel@redhat.com
[   27.817472] ledtrig-cpu: registered to indicate activity on CPUs
[   27.817726] NET: Registered protocol family 10
[   27.817836] NET: Registered protocol family 17
[   27.817845] Key type dns_resolver registered
[   27.818023] registered taskstats version 1
[   27.818037] Loading compiled-in X.509 certificates
[   27.818539] Loaded X.509 cert 'Build time autogenerated kernel key: eb3f78ccfd14bc84ef58e051a28e8b7731c2f6e2'
[   27.818551] zswap: loaded using pool lzo/zbud
[   27.819884] Key type trusted registered
[   27.822386] Key type encrypted registered
[   27.822390] AppArmor: AppArmor sha1 policy hashing enabled
[   27.822392] ima: No TPM chip found, activating TPM-bypass!
[   27.822406] evm: HMAC attrs: 0x1
[   27.822663]   Magic number: 10:383:990
[   28.005321] rtc_cmos rtc_cmos: setting system clock to 2018-07-06 14:58:29 UTC (1530889109)
[   28.005543] BIOS EDD facility v0.16 2004-Jun-25, 0 devices found
[   28.005543] EDD information not available.
[   28.774322] input: AT Translated Set 2 keyboard as /devices/platform/i8042/serio0/input/input2
[   33.515097] Freeing unused kernel memory: 1508K
[   33.777648] Write protecting the kernel read-only data: 14336k
[   34.048304] Freeing unused kernel memory: 1696K
[   34.238135] Freeing unused kernel memory: 100K
Loading, please wait...
starting version[   34.292808] random: systemd-udevd: uninitialized urandom read (16 bytes read, 5 bits of entropy available)
 229
[   34.293801] random: udevadm: uninitialized urandom read (16 bytes read, 5 bits of entropy available)
[   34.293823] random: udevadm: uninitialized urandom read (16 bytes read, 5 bits of entropy available)
[   34.306912] random: udevadm: uninitialized urandom read (16 bytes read, 5 bits of entropy available)
[   34.306964] random: udevadm: uninitialized urandom read (16 bytes read, 5 bits of entropy available)
[   34.307224] random: udevadm: uninitialized urandom read (16 bytes read, 5 bits of entropy available)
[   34.307340] random: udevadm: uninitialized urandom read (16 bytes read, 5 bits of entropy available)
[   34.307426] random: udevadm: uninitialized urandom read (16 bytes read, 5 bits of entropy available)
[   34.307531] random: udevadm: uninitialized urandom read (16 bytes read, 5 bits of entropy available)
[   34.307602] random: udevadm: uninitialized urandom read (16 bytes read, 5 bits of entropy available)
[   36.799210] e1000: Intel(R) PRO/1000 Network Driver - version 7.3.21-k8-NAPI
[   37.071968] e1000: Copyright (c) 1999-2006 Intel Corporation.
[   37.327856] Fusion MPT base driver 3.04.20
[   37.480823] Copyright (c) 1999-2008 LSI Corporation
[   37.590426] Fusion MPT SPI Host driver 3.04.20
[   37.688571] AVX version of gcm_enc/dec engaged.
[   37.746519] AES CTR mode by8 optimization enabled
[   37.888356] input: ImExPS/2 Generic Explorer Mouse as /devices/platform/i8042/serio1/input/input4
[   38.006279] e1000 0000:00:03.0 eth0: (PCI:33MHz:32-bit) 02:d4:20:7b:c2:aa
[   38.135019] e1000 0000:00:03.0 eth0: Intel(R) PRO/1000 Network Connection
[   38.258718] mptbase: ioc0: Initiating bringup
[   38.345274] e1000 0000:00:03.0 enp0s3: renamed from eth0
[   38.617278] ioc0: LSI53C1030 A0: Capabilities={Initiator}
[   38.887652] scsi host2: ioc0: LSI53C1030 A0, FwRev=00000000h, Ports=1, MaxQ=256, IRQ=20
[   39.217508] scsi 2:0:0:0: Direct-Access     VBOX     HARDDISK         1.0  PQ: 0 ANSI: 5
[   39.535801] scsi target2:0:0: Beginning Domain Validation
[   39.740402] scsi target2:0:0: Domain Validation skipping write tests
[   39.742826] scsi target2:0:0: Ending Domain Validation
[   39.794581] scsi target2:0:0: asynchronous
[   39.814095] scsi 2:0:1:0: Direct-Access     VBOX     HARDDISK         1.0  PQ: 0 ANSI: 5
[   40.148071] scsi target2:0:1: Beginning Domain Validation
[   40.440199] scsi target2:0:1: Domain Validation skipping write tests
[   40.442937] scsi target2:0:1: Ending Domain Validation
[   40.451863] scsi target2:0:1: asynchronous
[   40.596100] sd 2:0:0:0: Attached scsi generic sg0 type 0
[   40.597245] sd 2:0:0:0: [sda] 20971520 512-byte logical blocks: (10.7 GB/10.0 GiB)
[   40.870032] sd 2:0:1:0: Attached scsi generic sg1 type 0
[   40.895532] sd 2:0:1:0: [sdb] 20480 512-byte logical blocks: (10.5 MB/10.0 MiB)
[   41.027300] sd 2:0:0:0: [sda] Write Protect is off
[   41.115934] sd 2:0:1:0: [sdb] Write Protect is off
[   41.116123] sd 2:0:0:0: [sda] Incomplete mode parameter data
[   41.116124] sd 2:0:0:0: [sda] Assuming drive cache: write through
[   41.392130]  sda: sda1
[   41.393196] sd 2:0:0:0: [sda] Attached SCSI disk
[   41.986512] sd 2:0:1:0: [sdb] Incomplete mode parameter data
[   42.027234] sd 2:0:1:0: [sdb] Assuming drive cache: write through
[   42.271468] sd 2:0:1:0: [sdb] Attached SCSI disk
Begin: Loading e[   43.763471] md: linear personality registered for level -1
ssential drivers[   43.889739] md: multipath personality registered for level -4
 ... [   44.022070] md: raid0 personality registered for level 0
[   44.180190] md: raid1 personality registered for level 1
[   44.286972] raid6: sse2x1   gen() 11647 MB/s
[   44.545813] raid6: sse2x1   xor()  8898 MB/s
[   44.776637] raid6: sse2x2   gen() 15065 MB/s
[   44.956666] raid6: sse2x2   xor() 10296 MB/s
[   45.233511] raid6: sse2x4   gen() 16382 MB/s
[   45.343266] raid6: sse2x4   xor() 10919 MB/s
[   45.517677] raid6: using algorithm sse2x4 gen() 16382 MB/s
[   45.761925] raid6: .... xor() 10919 MB/s, rmw enabled
[   46.017658] raid6: using ssse3x2 recovery algorithm
[   46.308982] xor: automatically using best checksumming function:
[   46.437201]    avx       : 22375.000 MB/sec
[   46.512539] async_tx: api initialized (async)
[   46.716948] md: raid6 personality registered for level 6
[   46.875358] md: raid5 personality registered for level 5
[   47.128944] md: raid4 personality registered for level 4
[   47.372663] md: raid10 personality registered for level 10
done.
Begin: Running /scripts/init-premount ... done.
Begin: Mounting root file system ... Begin: R[   47.497818] Btrfs loaded
unning /scripts/local-top ... done.
Begin: Running /scripts/loc[   47.569732] EXT4-fs (sda1): mounted filesystem with ordered data mode. Opts: (null)
al-premount ... Scanning for Btrfs filesystems
done.
Warning: fsck not present, so skipping root file system
done.
Begin: Running /scripts/local-bottom ... done.
Begin: Running /scripts/init-bottom ... done.
[   47.975767] systemd[1]: systemd 229 running in system mode. (+PAM +AUDIT +SELINUX +IMA +APPARMOR +SMACK +SYSVINIT +UTMP +LIBCRYPTSETUP +GCRYPT +GNUTLS +ACL +XZ -LZ4 +SECCOMP +BLKID +ELFUTILS +KMOD -IDN)
[   48.334392] systemd[1]: Detected virtualization oracle.
[   48.442247] systemd[1]: Detected architecture x86-64.

Welcome to [1mUbuntu 16.04.4 LTS[0m!

[   48.577537] systemd[1]: Set hostname to <ubuntu>.
[   48.700532] systemd[1]: Initializing machine ID from random generator.
[   48.817454] systemd[1]: Installed transient /etc/machine-id file.
[   49.049241] systemd[1]: Reached target System Time Synchronized.
[[0;32m  OK  [0m] Reached target System Time Synchronized.
[   49.206160] systemd[1]: Reached target User and Group Name Lookups.
[[0;32m  OK  [0m] Reached target User and Group Name Lookups.
[   49.438001] systemd[1]: Reached target Swap.
[[0;32m  OK  [0m] Reached target Swap.
[   49.586139] systemd[1]: Listening on Journal Socket (/dev/log).
[[0;32m  OK  [0m] Listening on Journal Socket (/dev/log).
[   49.777891] systemd[1]: Created slice System Slice.
[[0;32m  OK  [0m] Created slice System Slice.
[   49.945894] systemd[1]: Created slice system-serial\x2dgetty.slice.
[[0;32m  OK  [0m] Created slice system-serial\x2dgetty.slice.
[   50.173389] systemd[1]: Reached target Encrypted Volumes.
[[0;32m  OK  [0m] Reached target Encrypted Volumes.
[   50.361605] systemd[1]: Listening on Journal Audit Socket.
[[0;32m  OK  [0m] Listening on Journal Audit Socket.
[   50.521521] systemd[1]: Listening on Device-mapper event daemon FIFOs.
[[0;32m  OK  [0m] Listening on Device-mapper event daemon FIFOs.
[   50.713605] systemd[1]: Started Trigger resolvconf update for networkd DNS.
[[0;32m  OK  [0m] Started Trigger resolvconf update for networkd DNS.
[   50.953443] systemd[1]: Listening on udev Kernel Socket.
[[0;32m  OK  [0m] Listening on udev Kernel Socket.
[   51.061428] systemd[1]: Listening on Journal Socket.
[[0;32m  OK  [0m] Listening on Journal Socket.
[   51.205402] systemd[1]: Starting Load Kernel Modules...
[   51.269693] random: nonblocking pool is initialized
         Starting Load Ke[   51.306859] Loading iSCSI transport class v2.0-870.
rnel Modules...[   51.351889] iscsi: registered transport (tcp)

[   51.388648] systemd[1]: Starting Nameserver information manager...
         Starting Nameser[   51.490464] iscsi: registered transport (iser)
ver information manager...
[   51.549723] systemd[1]: Starting Set console keymap...
         Starting Set console keymap...
[   51.654523] systemd[1]: Starting Create list of required static device nodes for the current kernel...
         Starting Create list of required st... nodes for the current kernel...
[   51.905387] systemd[1]: Mounting Huge Pages File System...
         Mounting Huge Pages File System...
[   51.965614] systemd[1]: Starting Remount Root and Kernel File Systems...
         [   52.094744] EXT4-fs (sda1): re-mounted. Opts: (null)
Starting Remount Root and Kernel File Systems...
[   52.373357] systemd[1]: Mounting Debug File System...
         Mounting Debug File System...
[   52.506103] systemd[1]: Created slice User and Session Slice.
[[0;32m  OK  [0m] Created slice User and Session Slice.
[   52.705428] systemd[1]: Reached target Slices.
[[0;32m  OK  [0m] Reached target Slices.
[   52.885667] systemd[1]: Starting Uncomplicated firewall...
         Starting Uncomplicated firewall...
[   53.013542] systemd[1]: Mounting POSIX Message Queue File System...
         Mounting POSIX Message Queue File System...
[   53.169814] systemd[1]: Listening on LVM2 metadata daemon socket.
[[0;32m  OK  [0m] Listening on LVM2 metadata daemon socket.
[   53.398134] systemd[1]: Listening on udev Control Socket.
[[0;32m  OK  [0m] Listening on udev Control Socket.
[   53.594285] systemd[1]: Set up automount Arbitrary Executable File Formats File System Automount Point.
[[0;32m  OK  [0m] Set up automount Arbitrary Executab...ats File System Automount Point.
[   53.917085] systemd[1]: Listening on LVM2 poll daemon socket.
[[0;32m  OK  [0m] Listening on LVM2 poll daemon socket.
[   54.106075] systemd[1]: Starting Monitoring of LVM2 mirrors, snapshots etc. using dmeventd or progress polling...
         Starting Monitoring of LVM2 mirrors... dmeventd or progress polling...
[   54.329547] systemd[1]: Listening on /dev/initctl Compatibility Named Pipe.
[[0;32m  OK  [0m] Listening on /dev/initctl Compatibility Named Pipe.
[   54.506166] systemd[1]: Listening on Syslog Socket.
[[0;32m  OK  [0m] Listening on Syslog Socket.
[   54.685851] systemd[1]: Starting Journal Service...
         Starting Journal Service...
[   54.825731] systemd[1]: Started Forward Password Requests to Wall Directory Watch.
[[0;32m  OK  [0m] Started Forward Password Requests to Wall Directory Watch.
[   55.115790] systemd[1]: Mounted Huge Pages File System.
[[0;32m  OK  [0m] Mounted Huge Pages File System.
[   55.229627] systemd[1]: Mounted Debug File System.
[[0;32m  OK  [0m] Mounted Debug File System.
[   55.401884] systemd[1]: Mounted POSIX Message Queue File System.
[[0;32m  OK  [0m] Mounted POSIX Message Queue File System.
[   55.649604] systemd[1]: Started Journal Service.
[[0;32m  OK  [0m] Started Journal Service.
[[0;32m  OK  [0m] Started Load Kernel Modules.
[[0;32m  OK  [0m] Started Set console keymap.
[[0;32m  OK  [0m] Started Create list of required sta...ce nodes for the current kernel.
[[0;32m  OK  [0m] Started Remount Root and Kernel File Systems.
[[0;32m  OK  [0m] Started Uncomplicated firewall.
[[0;32m  OK  [0m] Started Nameserver information manager.
[[0;32m  OK  [0m] Started LVM2 metadata daemon.
         Starting udev Coldplug all Devices...
         Starting Load/Save Random Seed...
         Starting Initial cloud-init job (pre-networking)...
         Starting Create Static Device Nodes in /dev...
         Starting Apply Kernel Variables...
         Mounting FUSE Control File System...
         Starting Flush Journal to Persistent Storage...
[[0;32m  OK  [0m] Mounted FUSE Control File System.
[[0;32m  OK  [0m] Started Monitoring of LVM2 mirrors,...ng dmeventd or progress polling.
[[0;32m  OK  [0m] Started Load/Save Random Seed.
[[0;32m  OK  [0m] Started Create Static Device Nodes in /dev.
[[0;32m  OK  [0m] Started Apply Kernel Variables.
[[0;32m  OK  [0m] Started udev Coldplug all Devices.
         Starting udev Kernel Device Manager...
[[0;32m  OK  [0m] Started udev Kernel Device Manager.
[   35.339636] cloud-init[445]: Cloud-init v. 18.2 running 'init-local' at Fri, 06 Jul 2018 14:58:58 +0000. Up 35.12 seconds.
[[0;32m  OK  [0m] Started Dispatch Password Requests to Console Directory Watch.
[[0;32m  OK  [0m] Reached target Local File Systems (Pre).
[[0;32m  OK  [0m] Reached target Local File Systems.
         Starting LSB: AppArmor initialization...
         Starting Tell Plymouth To Write Out Runtime Data...
         Starting Commit a transient machine-id on disk...
         Starting Set console font and keymap...
[[0;32m  OK  [0m] Started Flush Journal to Persistent Storage.
[[0;32m  OK  [0m] Started Initial cloud-init job (pre-networking).
[[0;32m  OK  [0m] Started Tell Plymouth To Write Out Runtime Data.
[[0;32m  OK  [0m] Started Commit a transient machine-id on disk.
[[0;32m  OK  [0m] Started Set console font and keymap.
[[0;32m  OK  [0m] Found device /dev/ttyS0.
[[0;32m  OK  [0m] Listening on Load/Save RF Kill Switch Status /dev/rfkill Watch.
[[0;32m  OK  [0m] Created slice system-getty.slice.
[[0;32m  OK  [0m] Reached target Network (Pre).
         Starting Create Volatile Files and Directories...
[[0;32m  OK  [0m] Started LSB: AppArmor initialization.
[[0;32m  OK  [0m] Started Create Volatile Files and Directories.
         Starting Update UTMP about System Boot/Shutdown...
         Starting Raise network interfaces...
[[0;32m  OK  [0m] Started ifup for enp0s3.
[[0;32m  OK  [0m] Started Update UTMP about System Boot/Shutdown.
[[0;32m  OK  [0m] Started Raise network interfaces.
         Starting Initial cloud-init job (metadata service crawler)...
[[0;32m  OK  [0m] Reached target Network.
[   38.130715] cloud-init[937]: Cloud-init v. 18.2 running 'init' at Fri, 06 Jul 2018 14:59:00 +0000. Up 37.61 seconds.
[   38.237034] [cloud-init[0;32m  OK  [0m[937]: ] ci-info: +++++++++++++++++++++++++++++++++++++Net device info++++++++++++++++++++++++++++++++++++++Started Initial cloud-init job (metadata service crawler).

[   38.238240] cloud-init[937]: ci-info: +--------+------+----------------------------+---------------+-------+-------------------+
[   38.464490] [cloud-init[0;32m  OK  [0m[937]: ] ci-info: | Device |  Up  |          Address           |      Mask     | Scope |     Hw-Address    |Reached target Cloud-config availability.

[   38.465133] cloud-init[[937]: [0;32m  OK  [0mci-info: +--------+------+----------------------------+---------------+-------+-------------------+] 
Reached target System Initialization.
[[0;32m  OK  [0m] Listening on D-Bus System Message Bus Socket.
[[0;32m  OK  [0m] Started Daily Cleanup of Temporary Directories.
[   38.601467] cloud-init[937]: ci-info: | enp0s3 | True |         10.0.2.15          | 255.255.255.0 |   .   | 02:d4:20:7b:c2:aa |
[   38.880768]          cloud-initStarting LXD - unix socket.[937]: 
ci-info: | enp0s3 | True | fe80::d4:20ff:fe7b:c2aa/64 |       .       |  link | 02:d4:20:7b:c2:aa |
[   39.032421] [cloud-init[0;32m  OK  [0m[937]: ] ci-info: |   lo   | True |         127.0.0.1          |   255.0.0.0   |   .   |         .         |Listening on UUID daemon activation socket.

[[0;32m  OK  [0m] Started Daily apt download activities.
[[0;32m  OK  [0m] Started Daily apt upgrade and clean activities.
[   39.033274] cloud-init[937]: ci-info: |   lo   | True |          ::1/128           |       .       |  host |         .         |
[   39.344717] [cloud-init[0;32m  OK  [0m[937]: ] ci-info: +--------+------+----------------------------+---------------+-------+-------------------+Reached target Timers.

[   39.345564] cloud-init[937]: ci-info: +++++++++++++++++++++++++++Route IPv4 info++++++++++++++++++++++++++++
[   39.576830] [cloud-init[0;32m  OK  [0m[937]: ] ci-info: +-------+-------------+----------+---------------+-----------+-------+Started ACPI Events Check.

[   39.709095] [cloud-init[0;32m  OK  [0m[937]: ] ci-info: | Route | Destination | Gateway  |    Genmask    | Interface | Flags |Reached target Paths.

[   39.710129]          cloud-initStarting Socket activation for snappy daemon.[937]: 
ci-info: +-------+-------------+----------+---------------+-----------+-------+
[   39.944722] [cloud-init[0;32m  OK  [0m[937]: ] ci-info: |   0   |   0.0.0.0   | 10.0.2.2 |    0.0.0.0    |   enp0s3  |   UG  |Listening on ACPID Listen Socket.

[[0;32m  OK  [0m] Reached target Network is Online.
[   39.945589] cloud-init[937]: ci-info: |   1   |   10.0.2.0  | 0.0.0.0  | 255.255.255.0 |   enp0s3  |   U   |
[   40.200473]          cloud-initStarting iSCSI initiator daemon (iscsid)...[937]: 
ci-info: +-------+-------------+----------+---------------+-----------+-------+
[   40.201450] cloud-init[937]: Generating public/private rsa key pair.
[   40.396809] [cloud-init[0;32m  OK  [0m[937]: ] Your identification has been saved in /etc/ssh/ssh_host_rsa_key.Listening on LXD - unix socket.

[[0;32m  OK  [0m] Listening on Socket activation for snappy daemon.
[   40.397642] cloud-init[937]: Your public key has been saved in /etc/ssh/ssh_host_rsa_key.pub.
[   40.664804] [cloud-init[0;32m  OK  [0m[937]: ] The key fingerprint is:Started iSCSI initiator daemon (iscsid).

[   40.665633] cloud-init[937]: SHA256:Mhx8yN6Rs61fABctP5yTLmE1fBLCMj4p5TyzJ/6p7ck root@ubuntu-xenial
[   40.857150]          cloud-initStarting Login to default iSCSI targets...[937]: 
The key's randomart image is:
[   40.956693] [cloud-init[0;32m  OK  [0m[937]: ] +---[RSA 2048]----+Reached target Sockets.

[[0;32m  OK  [0m] Reached target Basic System.
[   40.957984] cloud-init[937]: |         .oo..   |
[   41.124789]          cloud-initStarting Virtualbox guest utils...[937]: 
|     o .+.oo* .  |
[   41.204390]          cloud-initStarting Pollinate to seed the pseudo random number generator...[937]: 
|      ==*+.= *   |
[   41.208277] cloud-init[937]: |     o.+OBo B    |
[   41.215380] [[0;32m  OK  [0m] Started Regular background program processing daemon.
cloud-init[937]: |      =.S*oo o   |
[   41.286291]          cloud-initStarting /etc/rc.local Compatibility...[937]: 
|       oo.o..    |
[   41.329138]          cloud-initStarting Apply the settings specified in cloud-config...[937]: 
|       ..o ..    |
[   41.448401]          cloud-initStarting LSB: MD monitoring daemon...[937]: 
|        .+ +     |
         Starting LSB: Record successful boot for GRUB...
[   41.560575] cloud-init[937]: |        .+E      |
[   41.652331]          cloud-initStarting Accounts Service...[937]: 
+----[SHA256]-----+
[   41.720801] [cloud-init[0;32m  OK  [0m[937]: ] Generating public/private dsa key pair.Started D-Bus System Message Bus.

[   41.721438] cloud-init[937]: Your identification has been saved in /etc/ssh/ssh_host_dsa_key.
[   41.956527] [cloud-init[0;32m  OK  [0m[937]: ] Your public key has been saved in /etc/ssh/ssh_host_dsa_key.pub.Started Deferred execution scheduler.

[   41.957112] cloud-init[937]: The key fingerprint is:
[   42.308361] [cloud-init[0;32m  OK  [0m[937]: ] SHA256:06p7yNe1zrQfmTphU7FqsviJ8PGor6wsB2+eyYnIPG0 root@ubuntu-xenialStarted FUSE filesystem for LXC.

[   42.309055] cloud-init[937]: The key's randomart image is:
[   42.436463]          cloud-initStarting LXD - container startup/shutdown...[937]: 
+---[DSA 1024]----+
         Starting Snappy daemon...
[   42.499044] cloud-init[937]: |                 |
         Starting System Logging Service...
[   42.579414] cloud-init[937]: |              .  |
[   42.640496] cloud-init[937]: |               o |
[   42.697148] [cloud-init[0;32m  OK  [0m[937]: ] |         .    o  |Started ACPI event daemon.

[   42.697784] [cloud-init[0;32m  OK  [0m[937]: ] |        S .  o   |Started Unattended Upgrades Shutdown.

[   42.839992]          cloud-initStarting Login Service...[937]: 
|  .      o. B  o |
[   42.900570] [cloud-init[0;32m  OK  [0m[937]: ] |  .o ...oo *.++  |Started Snappy daemon.

[[0;32m  OK  [0m] Started System Logging Service.
[   42.901245] cloud-init[937]: |oo.E+=o++=o+oo . |
[   43.041115] [cloud-init[0;32m  OK  [0m[937]: ] |.o+=O.*B=.+.=o.  |Started Pollinate to seed the pseudo random number generator.

[   43.041866] cloud-init[937]: +----[SHA256]-----+
[   43.180817] [cloud-init[0;32m  OK  [0m[937]: ] Generating public/private ecdsa key pair.Started /etc/rc.local Compatibility.

[   43.181443] cloud-init[937]: Your identification has been saved in /etc/ssh/ssh_host_ecdsa_key.
[   43.354739] [cloud-init[0;32m  OK  [0m[937]: ] Your public key has been saved in /etc/ssh/ssh_host_ecdsa_key.pub.Started Apply the settings specified in cloud-config.

[[0;32m  OK  [0m] Started LXD - container startup/shutdown.
[   43.355260] cloud-init[937]: The key fingerprint is:
[   43.504430] [cloud-init[0;32m  OK  [0m[937]: ] SHA256:ZkMMj0HYBliw4roOK7U1F13Zc29yWOdpde8v2wPeyS0 root@ubuntu-xenialStarted Login to default iSCSI targets.

[   43.596669] [cloud-init[0;32m  OK  [0m[937]: ] The key's randomart image is:Started Virtualbox guest utils.

[   43.671737] [[0;32m  OK  [0m] Started LSB: Record successful boot for GRUB.
cloud-init[937]: +---[ECDSA 256]---+
[[0;32m  OK  [0m] Started LSB: MD monitoring daemon.
[   43.672551] cloud-init[937]: |  .+o=+    o     |
[   43.784411] cloud-init[937]: |  ... o*  o o . =|
         Starting Authenticate and Authorize Users to Run Privileged Tasks...
[   43.785012] cloud-init[937]: |. .  ...+.   o =*|
[   43.804032] cloud-init[937]: |..    ...     oo*|
[   43.804384] cloud-init[937]: | .     .S     .= |
[   43.805379] cloud-init[937]: |. . o .o .   .  .|
[   43.805935] cloud-init[937]: |o. o o      . + +|
[   43.806955] cloud-init[937]: |oo.          .E*o|
[   43.807514] cloud-init[937]: |=.            .+o|
[   43.807703] cloud-init[937]: +----[SHA256]-----+
[   43.809026] cloud-init[937]: Generating public/private ed25519 key pair.
[   43.809142] cloud-init[937]: Your identification has been saved in /etc/ssh/ssh_host_ed25519_key.
[   43.809198] cloud-init[937]: Your public key has been saved in /etc/ssh/ssh_host_ed25519_key.pub.
[   43.809250] cloud-init[937]: The key fingerprint is:
[   43.809312] cloud-init[937]: SHA256:6YDrLoGHL23678hDvoTdYniTKdN+twgrajeN3ZRFHdw root@ubuntu-xenial
[   43.809363] cloud-init[937]: The key's randomart image is:
[   43.809432] cloud-init[937]: +--[ED25519 256]--+
[   43.809491] cloud-init[937]: |          o.o    |
[   43.809548] cloud-init[937]: |         . o E   |
[   43.809628] cloud-init[937]: |        .        |
[   43.809686] cloud-init[937]: |     .   o       |
[   43.809739] cloud-init[937]: | o  . . S        |
[   43.809805] cloud-init[937]: |o=++ . =         |
[   43.809862] cloud-init[937]: |=*%.* o .        |
[   43.809914] cloud-init[937]: |oXB@.+..         |
[   43.810423] cloud-init[937]: |=*OOB...         |
[   43.810490] cloud-init[937]: +----[SHA256]-----+
[[0;32m  OK  [0m] Reached target Remote File Systems (Pre).
[   43.814253] cloud-init[1085]: Generating locales (this might take a while)...
[   44.279382] cloud-init[1085]:   en_US.UTF-8... done
[[0;32m  OK  [0m] Reached target Remote File Systems.
[   44.279513] cloud-init[1085]: Generation complete.
         [   44.440395] Starting LSB: daemon to balance interrupts for SMP systems...cloud-init
[1085]: Cloud-init v. 18.2 running 'modules:config' at Fri, 06 Jul 2018 14:59:04 +0000. Up 41.53 seconds.
         Starting Permit User Sessions...
         Starting LSB: Set the CPU Frequency Scaling governor to "ondemand"...
         Starting LSB: automatic crash report generation...
         Starting OpenBSD Secure Shell server...
[[0;32m  OK  [0m] Started OpenBSD Secure Shell server.
[[0;32m  OK  [0m] Started Permit User Sessions.
[[0;32m  OK  [0m] Started Login Service.
[[0;32m  OK  [0m] Started Authenticate and Authorize Users to Run Privileged Tasks.
[[0;32m  OK  [0m] Started Accounts Service.
[[0;32m  OK  [0m] Started LSB: Set the CPU Frequency Scaling governor to "ondemand".
[[0;32m  OK  [0m] Started LSB: daemon to balance interrupts for SMP systems.
[[0;32m  OK  [0m] Created slice User Slice of vagrant.
[[0;32m  OK  [0m] Started Session 1 of user vagrant.
         Starting User Manager for UID 1000...
         Starting Hold until boot process finishes up...
         Starting Terminate Plymouth Boot Screen...
[[0;32m  OK  [0m] Started User Manager for UID 1000.
[[0;32m  OK  [0m] Started LSB: automatic crash report generation.
[[0;32m  OK  [0m] Started Hold until boot process finishes up.
[[0;32m  OK  [0m] Started Terminate Plymouth Boot Screen.
[[0;32m  OK  [0m] Started Serial Getty on ttyS0.
[[0;32m  OK  [0m] Started Getty on tty1.
[[0;32m  OK  [0m] Reached target Login Prompts.
         Starting Set console scheme...
[[0;32m  OK  [0m] Reached target Multi-User System.
[[0;32m  OK  [0m] Reached target Graphical Interface.
         Starting Update UTMP about System Runlevel Changes...
         Starting Execute cloud user/final scripts...
[[0;32m  OK  [0m] Started Set console scheme.
[[0;32m  OK  [0m] Started Update UTMP about System Runlevel Changes.
ci-info: no authorized ssh keys fingerprints found for user ubuntu.
<14>Jul  6 14:59:09 ec2: 
<14>Jul  6 14:59:09 ec2: #############################################################
<14>Jul  6 14:59:09 ec2: -----BEGIN SSH HOST KEY FINGERPRINTS-----
<14>Jul  6 14:59:09 ec2: 1024 SHA256:06p7yNe1zrQfmTphU7FqsviJ8PGor6wsB2+eyYnIPG0 root@ubuntu-xenial (DSA)
<14>Jul  6 14:59:09 ec2: 256 SHA256:ZkMMj0HYBliw4roOK7U1F13Zc29yWOdpde8v2wPeyS0 root@ubuntu-xenial (ECDSA)
<14>Jul  6 14:59:09 ec2: 256 SHA256:6YDrLoGHL23678hDvoTdYniTKdN+twgrajeN3ZRFHdw root@ubuntu-xenial (ED25519)
<14>Jul  6 14:59:09 ec2: 2048 SHA256:Mhx8yN6Rs61fABctP5yTLmE1fBLCMj4p5TyzJ/6p7ck root@ubuntu-xenial (RSA)
<14>Jul  6 14:59:09 ec2: -----END SSH HOST KEY FINGERPRINTS-----
<14>Jul  6 14:59:09 ec2: #############################################################
-----BEGIN SSH HOST KEY KEYS-----
ecdsa-sha2-nistp256 AAAAE2VjZHNhLXNoYTItbmlzdHAyNTYAAAAIbmlzdHAyNTYAAABBBFdZaf1bsi8JWurYOjjjCCj00Gk2h3EFeM0svAZ9gcdPGDNNnnx22tvcFXdm2RVLfVze3V5kp4pb7jtVS8Iy0iA= root@ubuntu-xenial
ssh-ed25519 AAAAC3NzaC1lZDI1NTE5AAAAIKi4qbN1RHOx1iLQiYEfbWtyuQDCv/vmyllDs4UCVFmi root@ubuntu-xenial
ssh-rsa AAAAB3NzaC1yc2EAAAADAQABAAABAQCyzrXWwP0fIdE0zUWH9tHfVIVOZx/cVV9qyxTkHjScMQgX/Ojky2jKFZrwgi9p4bKJvrdhftqdX8dlp68iWFzDULWS/F/baSWbIpnMsceY+Z0DmI/QzOkO/tbMUMSUV78KR6aguj31InlSP12N997C41De04hkDA9vq4kS2OUM5GRoPKsLF/R2SsZORqQFK3Eh0EP6dQId05mTdIDvdjNz/uFUAUEtGCqmFvBsOuyL88lQFPnEE3qvLlnBLBXx/UMaQMpTGBlDYFX1nmbSat2QFvV4AIncvHXlYCqyhadjq/JwAcZS362uAItSkfnmy/VEgxiQ148DttBRzj0jN43T root@ubuntu-xenial
-----END SSH HOST KEY KEYS-----
         Stopping User Manager for UID 1000...
[[0;32m  OK  [0m] Stopped User Manager for UID 1000.
[   47.352892] cloud-init[1295]: Cloud-init v. 18.2 running 'modules:final' at Fri, 06 Jul 2018 14:59:09 +0000. Up 46.09 seconds.
[   47.561048] [cloud-init[0;32m  OK  [0m[1295]: ] ci-info: no authorized ssh keys fingerprints found for user ubuntu.Started Execute cloud user/final scripts.

[   47.562773] cloud-init[1295]: Cloud-init v. 18.2 finished at Fri, 06 Jul 2018 14:59:10 +0000. Datasource DataSourceNoCloud [seed=/dev/sdb][dsmode=net].  Up 47.34 seconds
[[0;32m  OK  [0m] Removed slice User Slice of vagrant.
[[0;32m  OK  [0m] Reached target Cloud-init target.

Ubuntu 16.04.4 LTS ubuntu-xenial ttyS0

ubuntu-xenial login: 