468585
173834
257195
260578
770841
728167
539812
773366
708324
654099
507948
190533
192063
785674
407988
850377
685526
862152
836259
575092
83394
800745
791751
532008
410007
966375
865923
672004
261501
220274
955358
989912
914995
769037
395051
216893
835237
158339
624739
732866
234107
640897
293104
402992
312536
345101
639122
317201
93990
686900
481992
534990
658119
723781
291223
307342
126322
585042
574323
127596
864919
912351
208978
307703
970418
222888
860698
76735
720341
318683
469531
158815
293662
361901
914234
405123
172912
393712
629064
192077
797653
744050
76513
303607
434444
260226
37058
153426
833763
352324
492047
946614
574188
992256
935924
103236
294247
81731
262867
523231
330947
563555
67827
579133
131511
387394
665673
918635
639096
929175
988734
530505
106965
895482
116378
149954
755176
441504
52584
391968
236492
730768
886166
650446
711070
980046
955140
566752
378944
319789
735499
485609
576191
45395
77320
247312
194438
343596
991532
736570
94323
881936
823558
528200
471834
623003
347163
362869
661268
708333
480993
487216
622965
730132
590934
578272
771428
970811
280607
713425
282065
508314
932087
399894
625408
96549
374626
190879
94313
608384
680236
148107
652814
665653
516386
556991
264381
846032
304170
817200
578802
120087
538482
468206
645483
893865
952803
901783
853127
81314
14106
918560
699628
704235
869100
282551
985705
780024
433658
340876
508501
392554
267302
673817
597259
783778
63383
670701
83946
4311
134924
915080
241667
735735
22669
967705
156616
779426
627301
460466
97099
111277
896029
827102
986643
888188
339797
377294
895289
890044
194554
962002
811607
511293
64377
370639
506143
617685
891548
499384
52543
958116
524385
10811
140596
138977
457013
729942
399421
17341
209336
182503
141261
771173
465821
511921
228921
33101
974858
46836
873517
55347
849875
695933
612587
515594
401279
279725
532326
920319
699906
515166
742625
427796
376865
554803
98105
733192
788219
983242
419830
253869
512403
822652
286991
136370
497026
295443
896
256427
928776
255951
848262
129919
469352
216891
63235
398190
135894
288637
451691
840611
187629
997374
228736
545547
612383
109449
204263
29305
239057
950805
466010
429499
609786
139037
667029
798584
789201
23655
521429
605430
426523
982086
715605
887845
274322
147685
218353
219212
206162
54304
587488
281766
386475
76447
350373
89104
925293
702907
539980
609416
936395
585423
892715
645805
966553
657822
416174
824436
296040
534354
820192
113919
676078
547746
320577
859324
988683
202040
538504
569028
536596
463974
499447
681937
214454
855904
670100
23786
396502
527665
479197
70370
437288
845440
570802
675891
149747
138394
495175
576106
565983
156350
24641
73795
560335
201576
305053
749839
595056
180814
812327
436378
429986
671118
843504
906493
188305
185804
513886
462401
178766
125556
851322
560924
358146
822406
825176
13551
190398
141886
369053
304304
589946
124088
300763
409275
506084
157255
316508
551547
670457
942574
914534
18641
672214
310424
397111
92305
167873
758402
564159
991053
63522
250936
980793
735526
554267
85799
463166
419614
31304
287639
941987
981519
913049
49030
561795
379472
379261
562072
840529
791761
29101
875819
205013
110140
249578
424236
628357
325639
888922
484274
506619
329055
573623
19393
489595
194825
547234
984756
815522
777839
525674
680251
743587
56121
889707
580585
528062
347183
106885
350151
943097
818783
535966
30420
345835
620574
700742
786385
292555
8705
47176
125726
8316
291776
14166
350683
65982
343667
840638
131498
911866
140672
552945
584414
116403
225393
236412
999078
910501
609257
312762
816896
620377
309440
219054
51748
576353
594127
958676
563712
119289
505683
166082
748229
877971
210272
586116
906914
802448
156211
221285
959215
764498
63575
69703
488632
939862
529517
660685
913139
529844
868083
967351
413706
376443
119515
67102
547121
999401
78433
228497
66075
276822
473107
296755
277724
245827
379358
992864
447602
283727
460035
381438
349052
981118
16479
359089
889738
626577
319897
899064
939015
773921
160134
94278
498551
556094
835390
11149
466309
649248
376241
629536
123646
554153
838842
580076
501118
60339
167307
204525
958200
769680
543700
951531
546476
447942
275670
523606
221452
57502
697461
149045
988772
670178
679308
276565
257159
769496
851141
640156
801221
220806
537898
709974
678039
361844
432321
168409
832734
479320
678308
214558
523257
450014
988140
854305
240313
84345
113474
496001
899988
11498
543723
39271
500071
306518
982441
656131
909327
763746
817642
390942
281359
634678
845583
680152
464272
388542
398015
343499
389204
434423
120915
243399
729261
710984
583320
147399
103114
187243
794861
366554
281017
360111
767361
674397
691467
389816
965928
453165
572596
174908
23099
433402
982898
225680
798536
487657
152000
200353
549837
840399
522866
584713
665488
237572
11275
757281
161692
417944
890286
138091
473044
919267
489117
179471
177339
415534
775784
132088
524582
426300
640018
727909
16042
742914
47792
104565
763074
928236
269645
657227
970797
926669
507648
512679
353899
538874
825879
246673
786531
912955
87763
931728
871028
755825
671703
152209
939372
626486
532186
82611
18179
667122
274194
220799
85611
366377
414463
858110
94649
438876
335124
417098
831121
715346
292471
235606
510719
142539
152832
186120
490737
964308
273047
948843
331599
686339
459874
772960
237176
412001
305392
462598
398180
326376
10110
716846
761774
786428
269477
653679
163406
908106
165390
7143
648243
533935
279345
767110
906681
138201
93981
134196
193554
164783
187120
675222
750644
455369
820131
736708
521639
30863
488547
603425
649319
388229
560124
813321
267354
426203
698279
322873
121546
494166
180574
912697
200622
116725
587713
154497
669434
455081
585677
48443
41416
156960
565383
345418
722918
88366
63455
115990
863904
430048
509970
367829
664347
404404
957263
672144
283902
226865
960399
372156
826888
806651
968683
142793
579503
159285
149439
535170
706399
475405
919399
715959
409373
822797
948791
650382
111491
481761
889162
464314
23304
741147
478491
728656
42816
491583
34344
940526
884654
737548
494932
614684
124888
163836
66672
688187
541531
952079
195923
276817
590458
667967
610879
655391
242882
699778
265736
310089
125895
15794
611730
390948
596047
193884
898898
446640
166701
372381
831450
672085
73814
18422
801599
787954
308069
141786
371633
955332
580524
976991
815109
486207
856822
69405
846640
422452
94300
209397
530700
546740
251818
855521
80055
32509
110885
203531
703484
636009
670845
214878
96887
307921
928595
327507
476955
939626
223171
589084
512308
135815
651449
377216
217127
593359
529904
649505
264368
168359
956495
105491
523965
354116
835424
691631
917429
152356
885882
166584
437270
939172
375548
127528
155841
181349
375069
643383
153256
536615
659678
37524
621383
245493
610167
985506
252118
6875
995294
873479
251800
338634
505077
101549
53439
794151
226576
194992
104816
336242
507148
969246
491997
686849
759867
61302
51937
413914
716991
261434
661046
1.732759
