Found WrILZXPlUoTgaswetKCJ at 581850
Found jLwQCTYGiFVmuIUbOZtK at 896097
Found aHVpMqxOtCEGNjdoKnlb at 258971
Found phqclkQZwJaDxoNbGfyv at 713605
Found LknSaYWuDtNzdhUQAMxr at 542420
Found cWBxjYbGHMwJpEhfzUvF at 784649
Found vCgqKIhZLSEYuRGsTWoy at 281513
Found CyOLgFbcsdxonkWAuGeS at 562580
Found VnstjmhYSzPokGgQIbcO at 839515
Found MZRtsnKxkGylBerPJSAh at 90088
Found zTKwtYuiXerVnqajBNQE at 628841
Found FaxdcCYjGfBlHJEQTtgq at 622495
Found rGsaEqXjYHvlyeVSTwzO at 255942
Found ajwzMATNLsGWbmnUBokE at 667346
Found WmzGZNbkUofnevBcpVyP at 715825
Found FpyEOjDqTdcAoifrstnh at 429501
Found bQVXkshjzGwUdLxYfNRp at 397318
Found CKztcXAypjelhnfsgImb at 471030
Found tpXMbQAeUJCyOiRzNjHo at 725207
Found hDMusNkogIjRrcwHLiny at 226641
Found MsNUvtQJlhKrWDpkTXqA at 524550
Found EitCLsvGXUlwRnbkBrAN at 5287
Found rMAuDcsgxWyflqhNXPOi at 229410
Found zLqUfGWpBIkvFMdRgEZD at 490759
Found dSVDfulWtjpGbMNJREFw at 775897
Found xcyimCVSUIERpKuQJTBj at 461742
Found GtImieucAfTrYCKxWEwR at 97812
Found uCtQAYngoeTizkjmfyad at 344548
Found BgrtlkFZNwOuJIMYQsPx at 588606
Found qZCTMOvLEpiwdyscDatX at 735557
Found numkWzvTMcriXIdsFolx at 490285
Found XulFCVrDOEnKYNRvPqjZ at 46076
Found ntWNMROvfJCeilgazGpA at 532304
Found fYxqsSPktLwKIFQNOAHV at 519790
Found cTEnfzoysCZMWabVhQNx at 855544
Found VDNEClHeULZfSRXsTkGO at 683468
Found LQKteyPApFsUZzGMqYXI at 668811
Found SIzaQtdbEFDBAwMWTGOp at 586259
Found VIXeuSMCflgKpLioOWPb at 267416
Found yASwGlTCnPpafNmhRWog at 164053
Found WqumaBLegsQEVIUMClwv at 466938
Found zIPokRsjUESXecJYmudl at 133039
Found sYbyPpVUlKFuIagiXktc at 700987
Found eMcDIzjUZWYFrOENfQop at 269968
Found jQlcqtFmoMGeEpDArSaO at 10123
Found PurvzTtwfMUldbeQqYVj at 859012
Found NOajJVskBDvPmhnEdXrT at 463875
Found wyWOYNsVLtpnjbxEarUm at 265115
Found sbvOwEQnFVhTigSaUKJl at 333926
Found ceCnGzWLmgobtvHOQKrh at 959201
Found OASVxtwmDGIEFyrXufPv at 438359
Found OwoNKtDdFsknrvhHbeiX at 576995
Found PWgerHpzxAFfovsYckNS at 514203
Found jZtOwVNGlnJcXyriRSKx at 257385
Found lYQMoKznrBjTeZgxEuHv at 777685
Found HYMlpTxdICenKmqizAus at 447217
Found RLTgZEXrnaNwWqfsuHCS at 987219
Found fNGpmkOZgFJwoBySEvWT at 294722
Found ObTJRipoLBvxQGqledWu at 13303
Found fhvBxIlsoSrRPczDbtEd at 706092
Found AjiougsnexvOmJBpFrWN at 726489
Found ItTdNmwVprERHlMeoKYk at 241832
Found LEvWKVhRCuUnwPediFbO at 633504
Found eisplKVrwJTLDFkfnWyg at 323995
Found cJROnXeTgaFHAxvkPoVi at 800629
Found CJhFKWygipuXqbPItzLA at 603777
Found kXwOzCBenjLZVxHfrhbS at 334214
Found MlbdWSAyDHEhYZnerpvc at 39607
Found GaxezXOiNLPnouRFysYM at 961445
Found zhpXtqkMdQAcWonsJTLi at 588920
Found zpegMdbNBWqDJTICKXGP at 909058
Found JWvdMISVyiAXxOZHcgYn at 64961
Found cJpEmkxowODvuSdWrshy at 660253
Found STmzCfrNeFPUYXQMDxWb at 838663
Found aRhHoGfMrXjKZuQzAbYg at 933784
Found TOYlItFkBQhNvrUWLVwR at 685126
Found ELDsaJewucIRTPpZWmQd at 259997
Found wnaSrdlOZLpUMCHRQqcs at 630165
Found aXreWJdzonAtluvBMREU at 742893
Found ugkYIXNcieMnwhOlfCHq at 236403
Found raDhmTuMCVneLYFWRPEN at 861305
Found yeGCtJLoNkSHqBzFiPUX at 828076
Found NeDSxbwgyXfhMZPKOqmk at 90098
Found xomitObCqLdhQHeyKpDc at 407267
Found WgnAlxTGBjteIuKLsaoF at 868842
Found TVfpXPqdZywBsQihAYxM at 801459
Found GetJAjuHOlvgpIzcfNPo at 856982
Found MjVPxSszfrNmYIybqWvG at 415762
Found TqBCfOjlvXSsHJKRyZMw at 248105
Found gJGoHrxFOjXzhTMBYZQv at 564447
Found gtqHXWdCosxESyKPkVDM at 214346
Found xhZQywSgEUTCOzbkRMDs at 664306
Found pmxHSOPLnhkzXiRCdFWr at 183944
Found AvrHdwJlpWVCybBMhUmS at 519097
Found zUIBrnaJqeKxDRbogklF at 218610
Found CJyXOonltKVqHSvkURuT at 597246
Found feSpWEjAuYnlyUKgVzLD at 87550
Found zOUYDHErRLqSAVNwhefs at 961288
Found SVkuJYUincdsPzTZeNLO at 892105
Found IxpGwqtYBbsQmJWdnORh at 3212
Found GsgFKAcqpBUZnXhNxtCP at 44113
Found VcNoijJSgYKhGybHOnwI at 224927
Found HTgAyeSBPRbIQoGsWrOt at 547712
Found zunWteHhrMPTpGQqCRBk at 469108
Found cYUoWOtpainKgxLMTvVG at 741627
Found oAXEfvQRLqOStdaGkihs at 3879
Found vmsTQKdYFGLgOzVjuJch at 995122
Found gqpbPlOCFYxjeaKfNItW at 116682
Found UvqIFnxgGmysYVMHCPLA at 854705
Found HlfrURFXNIKsmjvQbzqn at 409027
Found qtyURarlmWpvxTsjVHQL at 593418
Found tZbSgGqzvQTNuIKYcXOa at 340858
Found BlRoHyIJqevSQTVLbjPK at 988145
Found SmepHoYAwnqsCxkgvKMG at 880065
Found cJdfFWtjObrvpsXECMeS at 87542
Found cHxvzEnDAoRMIZSwtrmb at 845750
Found VNluUzsqgDwrMRmBGtTe at 715310
Found IEhzrwGjAnsOWoLUcaRk at 128472
Found zmowXkOyLVGgUivafQEp at 855287
Found LkmrjPCiqYSwpFslQOWM at 825877
Found ywNcnpOGoZkjsxRQvLlE at 472676
Found VfPSFCtHMZYUwDyORGoJ at 275458
Found JOQprXvGFDLPqKfdacot at 340735
Found mguTzZNyKblHoFnJPfxL at 553406
Found gMGziufYZXKBStLcwbhF at 47960
Found EoanHZGMQwgyeLtrhvTx at 853067
Found qldgMGvfTIkWbNiuwFHn at 405086
Found wdtkcqOoZMxByUmaEGQD at 173498
Found AzEQwJgYXtUDkPmTnHpq at 311705
Found oNHtIifeZWhnujgQdYCO at 320541
Found arlqWERXeAsjcTCMIwFo at 271181
Found ZpmNxCnFrTORdfhsJcHP at 89977
Found soUCSQfDXnZkTvIWBdcx at 409345
Found DegXzOaMvYhbtGxRrkNH at 646194
Found OaYjCVLfFnezikXoEcQy at 343084
Found CPfgbFOVKDyJIGahRqkn at 987893
Found pgdSKCYvZVePxyBahflL at 929261
Found BPdEcyrlNLvpfDWHGJqM at 407121
Found fZvXkldYEWgOciJsFQya at 772828
Found MtlNXUkjAdbfgVrnFcaB at 169821
Found UtJugEfipCAQnjZrMHRS at 263135
Found FOYpEPSaZniQcRVTDKNC at 87815
Found SOlvBdjYrIwKJoTNceEL at 137
Found qwWVpBaKAHMlRijtZdvo at 934062
Found vpWugKkBxezoJqAHEQIF at 705725
Found TuVBFIZLEzyMfWQScHYn at 485103
Found HMvTJyAmgefoZpQlISzs at 298958
Found AfaNUosMnpBlKvGWVPbg at 87862
Found iAyFnTBfvpIPVqbHWjLk at 520675
Found otXUyNLikPTQdflGVevw at 399218
Found VfSTRHdDvKGBnleJOAEX at 565182
Found tCbMXAfOzKvrlVWSZnFQ at 51097
Found kGTUXWqOKSCjJMBlFQwn at 133545
Found GyAVirszTMXwBjaKmvIH at 975144
Found BvFcOztVZLjukqopUPlJ at 710747
Found nplafLhzmsIjbowJDMeq at 19787
Found rGXagclDsYpRAZuFPeWv at 632256
Found tieLshUbNjwyOSfEoArR at 921751
Found BLOTWeKcnwQmhSZdRXpl at 767261
Found lwYaZLSWzBAyIoQCHPKO at 16892
Found TaHJlzcDFsgQmkiUMxbj at 230318
Found CQhVoROEKrFmgifTtDBc at 69893
Found zysumkAbjLTxNqFSZBId at 398616
Found pCGvXgzbcVYfNuPKraeE at 992768
Found hRXgsCJqrIbAOpoLeHvd at 677898
Found hEgfaBJKIvnbXNwASUWH at 555634
Found hPlQzJaXKCZLpVrUeNsv at 837032
Found mQCXwtIsNgGLxuoJViDp at 334952
Found SPfZopiDnVaNwtWEyMAC at 866549
Found JyOPmUbwSzIdBLoDvVfG at 235469
Found FHrYtvDnfaMumjWVskUN at 427148
Found TyBrYAwgMzqUjJsNFLQW at 799773
Found GUAlTvoiXYPcthpzNVnZ at 683917
Found idBmfTZHkFXKjqtxINSb at 327921
Found YwapNTAHzVxKCRrDyBqi at 676336
Found VjSQaJNTWvEXYOLrZmkA at 604823
Found hWNfSAOtrHiIdMUKvyGD at 944966
Found GFYQojqlIeTgaJSbUxDP at 674292
Found HEZyKeRtNQrwaXskpYnB at 553058
Found cQLiInjohDYEdAXMKBGv at 378639
Found qOwzdhNTYkQxmGCRyHJa at 589933
Found ASiQPIRyJdpkGvEhjuDW at 829585
Found WJqZzplmxrgQwGHYRFVX at 430800
Found CQmiMjkPeDztEonRTbga at 946703
Found wAzdDCsaULGQToNIrYZp at 489190
Found kgKpOrjEuMzwATRnVIeQ at 788373
Found SqwsDPAkoIMtGrUnvQCp at 839520
Found VdKZfOjuiyQoEsMWwCvS at 804631
Found YZlOWEaHBekbhfgrvAso at 706137
Found KSHlCIedErUYTWOhLgGV at 57973
Found IvAkQiVOSEWoewRnFuTH at 111583
Found vlNigIaGjEuoFUnfYKhR at 280147
Found WvYsdzgKmnToDESBcbQL at 424729
Found gBGVWqxpTDyYfovHCzwR at 699286
Found QwlCSemVAPBKnucrpJUb at 579257
Found gzhbeZSBqYurGJDxtVHd at 879379
Found ulqheZfsyOvtwcQzCxaI at 812856
Found XThHtJvCBNcAOnjkWwbG at 613865
Found MOkLrRPGZBwEDqdKWoTc at 871377
Found OGgIsfBMXvbcHZLtzNxF at 641870
Found kfnFogPARmDIHGXcMlqL at 309989
Found oOTLfdwJKZcxlgYukaqj at 90492
Found hvIeZCWgLAdNqbMBTQOp at 50200
Found YPQcIUNkHzfXgFGxnvoL at 31583
Found hMGYqTXcvtjRQoyaCgSO at 440361
Found FbsHzrIyDRwAMvnduYWa at 54983
Found pnBAlULykZvPsYrWoMIh at 305751
Found yOsKEDbMfnhwQCAiJTxl at 11188
Found WwBUToPJjqKlazbghcvM at 651408
Found jmSZshLwpzvtOCuyAnWH at 558217
Found koeusRDFBPNVqGiUtxdM at 411821
Found OYZgQiWMxnCUkhSRvqEu at 621334
Found btFahEKqieLGfVYBcyvT at 396807
Found pthWeVQTMmCfyjZsoIJB at 102984
Found bnIPWwRcFsfTXMADLeHV at 495350
Found ROoiSZuQelBnzEmhqfgv at 89470
Found mTnQqLIpaJROPDdsXwgZ at 915801
Found NROEdPLtVXTyHnucBvhl at 318083
Found lufsQtiDwxAzWIrdpTMk at 877113
Found thenciOovsRYXaPjzqZl at 850260
Found IzPExbRSTcfDXdtZUkVn at 874396
Found VReHgCBhTbNpSPvsMiFE at 574461
Found ZPCJdOsjyLewYiBbRxoA at 455964
Found ZDLOKBfFwrPtVkpIcbvA at 273504
Found UklsEqLDrxatOfyQNGug at 640543
Found TAgKHudlDLEiGYkpSfMF at 73721
Found AzpSVHQhycxqwGtgRFmi at 391540
Found TUjfXGYxEgistaHCpBkv at 478468
Found uBOfpkxKegDAZjVhqQXW at 569734
Found YMyatluXWrkCRhvHZPqJ at 316142
Found NguehQRmVKCLZovATBiH at 461761
Found kboOCnYxqfPltReEAjSd at 442688
Found AYnMlPHxkENGFtVbZsXQ at 238940
Found tzbBZVLGOMevpIThuYxQ at 909162
Found MhdkjAQOqHatuRWzBsyw at 68495
Found uswqQLlieCZDSaPoOBkp at 453342
Found pRNyIfKwAMHtzoFXvsbh at 135068
Found IDOXANltREMxnwYWPQoa at 716484
Found ToXmyRfxWqMBlgrVvGaO at 383989
Found dztjJCaKvVfBqUhSlcZM at 638501
Found bnJFcmwUkTfqxEeHjpOA at 656587
Found FrLYaQwZbPDCjsTeuyXO at 262216
Found WoxcqfQULkabYRKCNVXv at 712154
Found LuHMpCYvwDtQKEJNPeIA at 237659
Found TIqXkAeRMOEoUxFaZhHW at 764024
Found xUWEhdBgibSspPKTjeVA at 795159
Found AxqgRrjLdfyGbPuCakem at 941783
Found yPJGTESbXOHqkzQsFWhl at 386111
Found XUnmiVJQRcEkTxYNCwhu at 316901
Found zHFPAsfhclVmYZQgTtoK at 702718
Found KtTjURiINGeEofsgxDLP at 111272
Found QGvzHRugPYdELbfwoyFa at 805819
Found bCWGvjgVKhwltruXNUpE at 962032
Found VRLnAOWCSolixhjbYpyd at 337768
Found RTEdpyDacmjruZnkWxlU at 906976
Found WbwEPxBeVjIOzFXldpkN at 706830
Found kYWPsRuFdMqTKbJxltwQ at 139714
Found GWioysFACYhOzxRrtldp at 312952
Found FScCQwuzVsBfXDLKhljH at 345544
Found xGTnDEKVrUszmoWacCPF at 389867
Found xrSawCRdKvnQseulMcoI at 846054
Found NEvsGZUgYkVnBibmcCDF at 23944
Found WIVpFNGiDqUXxjEzJKYB at 410392
Found rJHmsUouXfKEwhAFSbcP at 689757
Found mMCbnaDIJvqwYkTUjdcW at 426965
Found PAlVoybEKUMFukCSJnms at 447188
Found etgkGAqDrEJLRHQMVinU at 861353
Found YJNnZMwkGhpuqLyEsWFb at 146490
Found TgKPHQwFpbDveNELCZlr at 414312
Found zqExpCSTDIhBfuoNyYwe at 497320
Found nDSGoqPeZIsVzYwhTgyJ at 998266
Found kwPYphGUoqIBcEOltSnx at 537174
Found fIKsrBxTPFctCDghNnYS at 918752
Found xWqhOPVynBdEloJvIzsk at 659464
Found qsfNImbxADBcrFGaUehX at 267628
Found sRNySPFmJxIlXWnAiDTd at 837072
Found vSOmhCVldrBnjPWwoJia at 144070
Found tKAaNYyZSTfcdIhwHzOm at 175241
Found pJsAlFcXZgEGHdCQtKUD at 754288
Found YHPqulDJcVTUMiFRGZvA at 300334
Found vftTZhNMorLAVJDIlyOd at 43931
Found cbySmNCAjgIfBYHVZnes at 433554
Found INMfresVnyiAKlwptoxk at 917678
Found BYZAOpPovNUjczwVhXlR at 96022
Found SpEhlyDWnkFjKsGIbfeg at 211673
Found swMjVoHuXSfOvIdJWPtR at 128225
Found ersuqTmcLMgCQiwVAhFN at 674980
Found eZYbBARvwkqHhLDyMGxV at 82770
Found mDfyltCZOVrwndpIBzRL at 304192
Found aOZeDQRwEyIziYPtclxS at 432637
Found TfiZKEmlyeAhNwUCtPnk at 384350
Found xBsuMfvAgTcXtVJdDWbN at 878426
Found AkiPOyFUuhLrRoZmwsjT at 366941
Found JTCNthqoQVGUDLSdxiPp at 638351
Found IUoCTwivhOgEdWjnsbtK at 247093
Found LdMmreQpDIvgBOhySJNi at 72833
Found bBsfQIaTyYWDKgruHjMV at 499746
Found uHtadJNXKGSbozMAEPRq at 83018
Found BZcXznGAhOjRrLswWEQu at 102451
Found lAeQVfuhWHLnDkmsXJdF at 389653
Found QzNMVjycGdsJpmKDqSfr at 76003
Found QwgflyLVKzIaFxiYtJdX at 172231
Found FmisMYcAjQCuVPUdNeKL at 533130
Found vKqJnPliudymworkHYOL at 480927
Found gYkQXeuvOnpItwbSTzqA at 124917
Found RSxyTfJhVGgPrKjtqNLX at 794427
Found DhlVkfvJEeyBxsZHIamb at 196617
Found OvPWzfsFnLXRUImCKJHh at 196859
Found KWZSqPXtjJERBOoLhxsQ at 841075
Found VeQzlfrdhnFKoEXYBMjR at 284536
Found TRdSMQfZGzUwonLeFpjC at 626059
Found FIYORLpbSmNiMDXqsHkf at 443495
Found eHJGdXFtEPDCTgiwIbna at 27260
Found JIrXuTQRytEUSqwmpMzP at 537129
Found WPUoGFsKhmMOvrYlTXqN at 555748
Found XzocgDRvMAZkOLbCiNrW at 246102
Found CXmQKjLFTpNPUycIAqdz at 365138
Found lIVdmBpEPFijctHGkvCf at 551768
Found MBFJitIwfyGQmTpxvsAc at 694887
Found pYUBeAmQEHqtDTdgkMaO at 5135
Found rvjBcthACNRnUWOiFxaL at 284410
Found lMUWVbPXCGEjvTLQfske at 139616
Found QgVWFulJdtSpOrMUqRaA at 162028
Found FRUklAiScntNOgGJrEod at 616973
Found kqLEfCKlpsXIetMPTOdg at 27457
Found WKVznxHAaLPjNkJmufYy at 734342
Found AkuahQGSrBqNsPyvLMdW at 284673
Found QzoAsShGucHJYpqbXTMv at 251181
Found GTDyzskYojwZNMFHSBuO at 215555
Found DIxvkePmpYJyhrHuinXw at 81865
Found xmkiWIKlETwBVMCHfYrn at 291787
Found WXkLzBUxwTIJcSCDplev at 468655
Found AGCLhmYDfvEXNjcSyonx at 210366
Found sfETbtmYKjMRJpVouSve at 503412
Found IdCLnsUDtSVmoGqyQrjK at 620699
Found WBYxpvtsLzSaOHkhlDIe at 2644
Found aMduxBvHlhXKbsjQISWy at 9416
Found mtKBYcxEFMHCQbGyhlUv at 283447
Found FQxWRZXabqgnMwVpPTOv at 935010
Found SVUkeitKEqlMGHNuABPc at 311145
Found ZwbzKpLMiDRYVBCeutlm at 597994
Found QHJfrGERxlzFXNMsUVvI at 671089
Found SkHRPDMNtBoCOvFIXqKA at 244550
Found vHSsIofWxBqbylhpmrVJ at 306104
Found ObXqhKkcmLsIlopHjRQA at 255914
Found dnEpHqMBjKlvoZVPwTbG at 734238
Found txZuMySNnJKLiFpazGlj at 915766
Found cstDjZaTqJpFSvbWxwQf at 226837
Found fDYcLyexbRTXtCjnOBad at 721569
Found NUukrYvLedcjhQDXgmOH at 147837
Found aqSRxUXoVkePJEvrTgcz at 912538
Found KGuaUNjghLVoRITrlnbk at 84176
Found gjiawPGcfOosJhmvlzDA at 57793
Found misRKlqWcxpyohCuaBME at 111110
Found odfIMBFvWmKxElHbswGS at 802964
Found FqLdCcKaekTYAhHfPbDW at 744162
Found XeyAsZwCPMxYRqSdQnzr at 914940
Found bTZRBeWgJVYpNhPcsxfS at 550055
Found IXNOubCSlAskRErjKzZP at 796493
Found awgukfxFTStnsGOrbJKy at 630745
Found qFiRhNOeVuyrmoTadpcf at 976667
Found ZUIkBeAYtDHsXmgLbuNR at 580622
Found kVdhavImteMrzEXgCKiU at 841227
Found pShgklIMyqNBebPwvVaW at 796426
Found NiBKLpyWcqXEfevZHTCg at 496575
Found ORFABuktmzaULYGpEDdJ at 638102
Found JKCDZUjelioYSWMGFmNb at 167407
Found rYpXemLzgCUlvykEGnoJ at 598856
Found ciKGVhDJNMytmkAvQSUp at 503065
Found bINMXZsKRAcrPyiYxEFm at 402065
Found zRohnAWvcPqrVMIZKByJ at 672664
Found TgUucfFxDCvNHamQbXAe at 155212
Found CrdNfBxzXjQvLhmDYbRs at 117270
Found faGjrBXTHqDOFiMUhKyx at 167596
Found agodfGsmXPFBQTuIbUly at 69860
Found khjgBfOmQLlysEWNPZiq at 631965
Found RBWOcwsvbxCNulZikUhQ at 940560
Found JsWpUjAQnRmgGtvVKBTN at 970264
Found XdlkqCRVuwNyrTaJUvnI at 919397
Found zLfpCNRdQYbEituDcIFs at 740609
Found JVHXYabIQBRwDrxZydEM at 654183
Found KlCskQIMLxeXpVdcyhOB at 653900
Found ktKuYIZPeAGqmSOVzsgc at 33039
Found WwlIDPkjHhszGnZoFJQt at 615861
Found OHwApScQzXEgKPuvjCRq at 692728
Found hYdHNXuwZtpvsePgMJIj at 985150
Found TSBoitkahpWAcgmRNLrI at 609480
Found PEczDXtBijlKAygdZaIG at 523673
Found IUcRrKqjBPTdGZulCOeg at 332907
Found JOVhIKaBduPoQANnETqD at 688810
Found LaUKDFruiqOznNQfHsWX at 38243
Found wgKQVUvFodiDZlOeEMjB at 430820
Found tIbOaPmozBeZKyQlCqcF at 393381
Found dkPUliSfGBqgHJFNaXDs at 976012
Found VRraJUbAOotpfWQsxyFu at 625871
Found GFNKmglyQfUOSVwTBrHY at 592103
Found wYAnSKXpfbWaCDkUxLrJ at 914297
Found MifOrDyNRaLFlSemKPHt at 767386
Found OtnkWybgvYaJlKRjwqZs at 343956
Found VmcMEdnAJurfXNsTtBoi at 220993
Found mxRyEIwDgUnibGarBLkf at 244197
Found OhfXWSNDkCTxgFaviUQI at 947066
Found GeXzFlnBmijyWkIhTURd at 241979
Found NufIAagBCkdJneOirKGH at 639285
Found JxLwoXRrHevnuPcAtWYf at 321709
Found owaEVqgURizxAnpvIJFl at 902509
Found UzhCTkMXiBtgmvLspDny at 460749
Found vWAhJfyFExRNLXgibazO at 441442
Found usRFJkznQewTMqIHplhP at 673421
Found HYWbOPBIKQgcvjmVnrTs at 614708
Found txRnLXaHoFmusErijlQd at 164307
Found XPSYyBOfHiocKFjdEMWt at 717975
Found tFNgyrDWXzBvScEkpfib at 906237
Found oXJuxENCpKPwRSbzhkAU at 176930
Found duvLXyOGFqRaghYSCtNW at 669262
Found PAyLagduFwjUSHhBcJro at 677139
Found pZjuKYIRqSHoJXyklOtT at 553009
Found iWRnSKrZqLAQhCpYdmGx at 485320
Found hQYpqzGjwSVdFiOfAnUP at 461545
Found rHWoSRFLvebNCuTnwgGZ at 587268
Found vtlWhMPcIyemuFCRfUAK at 444509
Found ZwTNfOJzIQUmSekyRorp at 756498
Found ORkNqTUZlzSPnwHLevax at 740501
Found xaujgzEtihqVJKYlMrDw at 592160
Found FOuKktQfqzyBwHiWRJNh at 779729
Found yistOWjlFuZQTorLvqeV at 462966
Found pMVxPDJtyCIwvmQnWeHu at 228354
Found HeRJxImZsGFfvLaKSdQj at 437074
Found FQhraUoPimzbZngRtXON at 178494
Found tpMseoikEZdFySVNqfBU at 518849
Found XCbVExqjWYOzkDinheKZ at 145243
Found COtXqgjmBVbIyMYurisa at 365295
Found QXUDsaIESjmyvPeNMJxO at 605897
Found pmMfBiQSwehuZRXvjxAn at 952541
Found rCncfPehbMBytZajXJGO at 209834
Found PviDhjUglnocsOXCtLuT at 216788
Found HqYExtQIcgLCloSGpzVb at 862122
Found ASbVOILCHRexthNKolTZ at 929959
Found zeHuXYtGsJTqmrvwiQON at 123826
Found yzuxmYpZFthoeALrcOKv at 316877
Found aTnfZcQWJbdUgqhDEFMO at 218330
Found bsxVqpnrtvWFclShzudC at 276275
Found tAnILrlTpemBGiZYCWMU at 659621
Found cbAvdxMUiSkmFLCOgWeB at 192703
Found PlwFTsxUADCujvLoIdaZ at 579613
Found RWzAiBSCTVyqDlMZXYna at 669287
Found GERqXlFYrxCwmOgdVvzj at 33784
Found tTBkHQcSYpNsqVuImxge at 488796
Found WqDvMdmknjXYVJsCRrNw at 435161
Found tuknjrHhOWfXmNdUgvqS at 554189
Found HeBQNpLIObWhRqkfGwgv at 554586
Found xoNmMnLZSHzCiAvfBWpr at 80441
Found TqtrfFxIWYnLaoDczejk at 285777
Found XkrAMyqFexCIzpufnRBb at 747235
Found FWKXslnECecjVQYmOpSN at 661122
Found xwjrSydRHNaTEKXZLMVe at 81546
Found mzRAsqpUkSnfbNIrBdjQ at 858805
Found bMIciwnhYNEJrLOVjavA at 864260
Found LsOPoJGjFDaZbNMftwEA at 923016
Found oyluCdiGODKYMXIJaBEe at 633810
Found DjEQJyGVPOgefukIaBhr at 641101
Found SWGDKXTbhEMRpFzvHilm at 106389
Found bdLtimkTXPRAYCGsNfjH at 727570
Found unrqLOhjANkwJViHxcaW at 471845
Found JfyWGvlTNzEjXtsRwHnK at 711529
Found zTuKiYlDyHcsOERktSnh at 563237
Found glPDVGWBYHRExqUyawNr at 170554
Found zoKvSwybahumFJjVkQqs at 546185
Found oerzgXZGyiMSVNdATPmn at 867213
Found NIijaBOqAvXKsMGeokEF at 471605
Found gjLJYiOrwHPmTpVExAcn at 131118
Found OJZhfktEwXNYsFlUKuqo at 882769
Found eojmLtdhYypRcKHuqvDJ at 954743
Found sAfDKIErgVnPczHiWqhS at 487467
Found UkNTymPrKDtSnvYsQApZ at 34596
Found vaAZUqPRSjnuJldfygph at 917420
Found zuMqRwEUBLrWPkihYCan at 36313
Found tmhDHukOKxQcrFLIWYBG at 413477
Found NIbaLjZfynolpmsTGPRF at 920441
Found JlpQvZtHKkGCmAgPLVsM at 653353
Found WViFfKTxJtrCYawDgHpe at 598343
Found eVFcUDPXSxQsvKpInNaZ at 182261
Found LhckbVGPORnvmrjEiqKg at 241945
Found JucTbLlHCmkXGtjyQgap at 613909
Found SZvMghunWQOBJjXcpECi at 747931
Found GOqWrCFnALRgvzxJXiut at 290675
Found GAvkXTBZUgEJCuwMPLfD at 381678
Found OTpIMjnVyoKdbaUzGDLY at 499301
Found ecINFdPRbGiOStMqUsrj at 974912
Found SeWwBFapzkjyKGvfnNUD at 616999
Found tYIaQWdDfnMULVuyvGTg at 475635
Found DYUsrAoEGyeHxQSKVBnh at 957513
Found zTIovYarlnSsOLFidQew at 360056
Found icOreUtQGYmayRTbwlkA at 28924
Found HEeBDWztIqcfnuZxiFGO at 28315
Found doHTqkcGRVemNpMxvlAi at 982678
Found fqpTVxioJZEQORszBmjN at 394655
Found AkGvnboFcSgujzODMYJh at 899191
Found GciRxfKAPHJMmIQUbzVO at 776064
Found DilIkxnFQJZutYscThPz at 343225
Found IVExdakXwutrSgBbcWMm at 142069
Found ETbApyvwQHMUdWXorBek at 852840
Found FHCWOxBhlLzJRQoicVqY at 863724
Found ApVmOtWFakdjGJqRiXxg at 436367
Found YkAiyPEJVwncMFdBxKrS at 459425
Found FKIfCDOMLSsHVTypQBvZ at 325171
Found KZiDdgTOQYXwyJvapIPh at 595933
Found qvfTNYQSXuwlJxeIZzUW at 485726
Found yBGcIjlaeCvXbnSJsAQU at 869009
Found aSfgjBkEotvxhiYznqeJ at 745705
Found EzwTJcxIXnNgHsDiGSpL at 469734
Found RJrauClADvXGhewYpFsI at 239688
Found CnoqTNGzwUceWImMjBFK at 884410
Found pHKRnYOucoXIrCgliyNv at 186696
Found OFMzjmIsdonSVNvyrBwi at 238406
Found FRsawTzernWBPIuxofGk at 469644
Found LnJWrVZmRhfMuOdCaIlp at 707340
Found cUdYKHamRGiCJfMPQvND at 198987
Found UZxFIWYSqQiNPdvoaegC at 388630
Found UlCLFbrfasWtcNPDVqGy at 311062
Found JzvmQVjXSIqYgTFuaOMk at 820042
Found jgvoshpexDbOnECUJaLH at 877315
Found vfGdmFXuDgwpPLJlkyHQ at 167404
Found vGAUjNwHgBZusqltahoQ at 132984
Found VfNtZdjDJvhgcULlBXxn at 71726
Found xMsqApLCYoebBaOVPdNu at 125249
Found ftnqawZkNeRmrYOVXvCA at 445556
Found nsuyRAgxBMHjrFWNvLqS at 110740
Found TabwunLmBNhcHYJKvIGO at 460243
Found QAhrWygRvPpIVZBSnfXa at 188530
Found KmwqlbOuoWiGxpMCBHPc at 543440
Found pOfMZItlCBrgiLzeuSDw at 829481
Found XPvORzgQbHiYuSjnhfWl at 22064
Found pgRQMjufrvhHFkmxTObA at 976440
Found dFktPlsozpSQZhOVwTqJ at 391401
Found XNifTGSoDQvMqjPlsmcL at 668836
Found fEYaOBkHWvxZnpPTuVGg at 577540
Found MdVjcKGWaFgvqoAiXTyS at 702893
Found mpcidGPgwoLJKTxrABaM at 682014
Found XzvQLjCxmEpRnuWbiKql at 598114
Found lomDcYzpPEUwbOCRXLdj at 691075
Found zjwagkSCNWeAyVpnIcBx at 888475
Found WQVvrnYXAcoeSFmHGzKf at 262756
Found QOEpwhxuYMlHCGPAzjJZ at 199755
Found NjTRgQqwAWhmxUytLacr at 115053
Found qgBZHXTfwCxLrGaJAicR at 178616
Found TcLNbgKjZtdsmVMHSGDu at 549228
Found PCujASDnTvcGWNVhdHUM at 603671
Found eIvVdxoRjGKanhzkulDq at 793185
Found WzqYQwxfGNHSceDJARKP at 156742
Found onKXCmgspxyBbItkeVWM at 144386
Found qJrhNPbUDnjMuYQkgOix at 591727
Found lLSjBdAIzMnkJoPUrxvg at 455054
Found inXMFAJeYCpKsrOcHlga at 332931
Found ZzOvWpfrLGboyNKlADMs at 440980
Found CkPSxEdwtJqYDBgjOumh at 997924
Found grNaMDupThKPRmqJAfiV at 8640
Found GmgRJydVNczibUZrosaA at 290777
Found ZOAlISkVrWJBNpPbKGyt at 441234
Found cChpGSzDXxaLtEAWBJQM at 822477
Found qEvQpLMHKzxFfPWnmkhT at 952198
Found xelCcPfUFdKhazmrRqAD at 137590
Found PWZrAzIsOMjUBXbdHVYD at 983000
Found KYlqQGFgejNxRLCmIpwO at 375476
Found KDmdnlFwXPhjkRMAuObN at 440081
Found xwzFoMaWjsdRqBKJnlAe at 122730
Found einvKDukVCsEWJzXxoOL at 585185
Found AmwyiLFtKBNfWDYVxejX at 647201
Found PUzrsxiWZwHtCLKbJemQ at 172470
Found NufEQYtDhMTJACXRbKsO at 46533
Found VGOAyivLnHcTpYzxrejX at 839495
Found RHDbYtzlSVXMJBsuAvfW at 132528
Found ISgWbuQFrMAzUBVmGtdO at 437949
Found ZtXGNzqUhpEOKmyMiYco at 739475
Found qlcmAVYnMjixISRgktLJ at 332902
Found KEBsPfZqviXcjopWwhGg at 113202
Found WcvIqUzfJmBhxibyLtwN at 812365
Found dpJeutBfolcsNwGRSVCP at 825142
Found eRYESgoTilvnwXQLDsac at 225247
Found IpngfwtXCvKTbukcsUzd at 318455
Found peVbKQdyrFstUGAqZxPW at 566103
Found jLpuNqHcDvKbxGYtkrFJ at 864905
Found rWRpuUgYQClKJehsZiMt at 623798
Found vPLolehMwykODHqpIVfa at 300673
Found iboxzyAhsvekZEjXGudM at 192827
Found tARJXTwFbZHvkfrnqEUI at 810362
Found mJohLSQqOUZExvdYzXwK at 820928
Found IPOpMUrsCLKYRtyDqhJk at 841370
Found FhOHGvaZqNDkSfbEeuyI at 44586
Found fCDvASlMaOgJNountQcX at 263591
Found mdYADgRHpbCIEQlNuhGk at 66884
Found xUBkXviojpQaIDRfTgLP at 791217
Found YGSMyhDZJCwWiLzxlnTc at 712916
Found ULITzCpiOJFWbRcfBKaQ at 364588
Found LeFadfnQHMcpTjPCibUY at 580866
Found nDLEaQtBXFZeRCTyupgh at 569859
Found rxthCoeKGpkEmBslTifZ at 869763
Found vglGcantFoOruDCXkJPb at 523020
Found MuXlBkPNHJErSYTpbWdi at 347208
Found tSrsAIHXceauhMYkfEFG at 215003
Found rtAgTdkEfjFIMuJHcPhZ at 630743
Found FUYMxEARCGLJnTleykrH at 270951
Found dBjLpkFWGifgVeawcCsD at 76247
Found WKvGztZnNpmoajbXQdiD at 71083
Found HWjrARDdNFXuhxQLcYvP at 496088
Found swIaAXUZzbLmFGhtRqen at 104043
Found BdmHkNauSCcghAoWvZpV at 38944
Found nrAbQVXtdFqvSEBImlpY at 918135
Found qVfwCDeKFuWJrSAXvoOb at 580709
Found nMkIvBalCgcmhXSLjDTV at 548230
Found ySdnXsWBbqOeRHhPFcvt at 536962
Found peEAmNjnYbaxqfTXzIVt at 566279
Found iUINyGrXlmteTdzJhapO at 748382
Found tBucenCWyqKDdIXERimp at 78655
Found lqtckdGwNzYKJfhOXCRo at 231672
Found CKaZTyBOrSlhPXFAwtdG at 651877
Found InUjfYohCGsRdErSKXAZ at 381065
Found FoGpLuzWgOvYPwABaxJU at 495641
Found GurzcjAeJflWpVtLPUXD at 198281
Found cwUkKXPBQnhxJbiDRlEu at 767197
Found DRMfNbEqPLuUrGvgKlYm at 433016
Found AaKiEcLWMkJfmGSDlejx at 485400
Found XYtPkZuAKBbIMqnCxzwc at 100274
Found EZbstUzBCfvVAkLniowH at 6744
Found xUdgVzyQwNrtmKoSvseL at 609430
Found HGOtWcnZCEsfNIPBrzbo at 853926
Found eYpLEhzCJaAWsoFXnUfd at 887710
Found zFGvTqnkrBJdPfyVWuZM at 829486
Found nLUNXShEyxvlHrmPDeQp at 877617
Found MfmCQUqnOzRAwhecgkTa at 349104
Found SJpligubYMBLroqmdCZc at 87558
Found QUCrWxGdTlkMXIJzAuom at 40866
Found HrUNmiDRpMYjfxGyVJSW at 120031
Found TorYVtBxDgASibvdhmMs at 184462
Found BmLahUWZkiqOcglAzIeK at 178936
Found SfdiIUyYjRkuJlhHoXEq at 228002
Found ABUhqtaTCduPceKirZRp at 183611
Found pIhGoNmwdxflqYaRAVCy at 409866
Found mvYHtCcdoBlWjxOGnPAJ at 38464
Found AHupIJGOtNTEPascvknM at 213223
Found uAKERXULmQnrIdgWsGxe at 814939
Found nJjbCkfaeQycTDZHVSrv at 983711
Found UQzWGuSAwsxjbEMhmNeO at 455989
Found MxfFeKEvSGHZILWPRngJ at 820014
Found HKhyGBEzWOwoRrxcCZDu at 393803
Found ExTHZLQvjifkUrCVBJae at 862814
Found aedGisBmRUOEXzqcnALJ at 719467
Found WgqHFmPLaxMokuZVfipK at 894274
Found icpgFUQhWozxRBANvmJd at 636247
Found TMJsNhjDyuGeKzAElnkZ at 445660
Found dvpTQyIBcHArkPFMJxGl at 384273
Found NBpohSXQwtAfFmDTJKxP at 437863
Found jyuwRvpDtPnBoAYaCiKe at 338460
Found thaouOmRbwvJyWFZKrQX at 708711
Found MxKViJfAQdmEbDZrGkIl at 338362
Found RoqzDeiGfAPJxTCSduUa at 247859
Found MwigWYNTAuGXsVzLSZJn at 763559
Found ToDvpYemMzBjPtsgiRbS at 728767
Found MUkpZWQcuaRDrPSFxOKg at 696121
Found FuDTnkgAspwRcdYylCbK at 958247
Found vwIsRWjrMezOcVbGSNCh at 527040
Found FUqSIBxzKLZisPHkoQRV at 535600
Found ZwyjvscrTWRzeNtdkalO at 745912
Found sMTaLPHkXbxSujicgJvO at 538024
Found JvGmofztMVdsWRkNiOrP at 295840
Found ZmYSPfVRqijKgsbInMGc at 375878
Found qSEyOLYXFhgswMxliGkj at 133890
Found MTLIhOAnxjzqpBUwcRmg at 831553
Found xqrZWvUFgwSQoMXshNCL at 648530
Found OLuevNtxyzrGjcdaDgoA at 864308
Found DbCMIOXmkdrpeRgiJPFG at 152703
Found lBXYwvJNjagbpdkZKItO at 463516
Found xKqSiLZmbUlDHQnjGvpB at 99267
Found okmFDYwRPSXHxAjfrzuv at 485452
Found BTjUGMoZigHzXCveEckx at 732285
Found IhwEfnoPRZHWdQvuGkLb at 876418
Found yVFDQiwzeNvREBZLjGKJ at 871365
Found vrNwCPOcfyokqVIRiMTm at 877857
Found jhJtUGLQBelnKSEZfwxH at 454358
Found VlUrtOHEeQDCzidghpYF at 47140
Found DdarjkQYMAgwxoIWSVeX at 771821
Found MqjFZszgKRetiTbGyPSX at 959056
Found SfvKXVslpxrgYwOozuyG at 727988
Found LznlhfQTubYCxDUeGaOw at 545866
Found wWvUjfKXyJqcEleInpuz at 693661
Found jIUpveqsNaEDPJuXKxWz at 525979
Found HVfQicUaNDxTGCMLvsdg at 169475
Found lBTaQVhcxgOidbJGNAzK at 232853
Found WGtAVLBmZgxlbeTSwCoR at 377148
Found mDhQKoZIfXsciyPakvjF at 536403
Found zfkIyrbeSQXcLuBoHZKG at 266686
Found FwluyJZBxeCMObgHisEv at 453715
Found gCWrBqvmPhAuHydbJtNF at 903288
Found CwqXvIFEHprDutnkQOle at 511856
Found tEGombgFWReYOzdBHJyc at 709008
Found ahcNDvWgynzJBKQIxtOS at 755038
Found azvnPpNWTAyLdftFsSKg at 844355
Found HiwheTgLtRqdByIQbvuo at 362812
Found MrylgmUVFfKTPZRHAXxt at 168388
Found GvHprcBgUYwPTefnRNLI at 547385
Found OQnqelBRArgFNoECPyjk at 608217
Found QsEWwqIauMbDBodiynLG at 661105
Found tbOAeusqxyKzgXwMnvWR at 398848
Found cMzdAFgVjGbBsiWnvEKp at 315710
Found nNdBbigeTXkxqcCDaGQy at 961877
Found YIpVxtzUJSORwshCcTHL at 290597
Found ayDbcLEBgIvQZswpkHei at 211590
Found DHmbhMFKdCRJoVvWGyuO at 759692
Found EIRsuNtBzwTlnJoibDZX at 158484
Found NxTpvAEoYjidKkCMnRUL at 136287
Found zMHhSqAPrYNJuWwbEgex at 68496
Found rvzNLutiXUEdbjQBeDoI at 340090
Found SAXIbpLEdnTCtaWPluhD at 168008
Found PpsikBNoTGzHajRKSdUX at 75710
Found uCBHRExlwPfbOKvierJj at 377446
Found JlVNwXDvQHCZPaYGnfAb at 767102
Found wjdirhxnolAQtKevHpgM at 933408
Found nuTYxfAzRkpJiFqUVgBM at 699806
Found QRzkTSbqCWlneUvZLuFE at 318569
Found pFSaybAGUDVYkoHTiZRh at 195136
Found KfyqbGTpgtEeAnjXJxQF at 331855
Found CIWgBuqzOnyJwkQHbaYm at 671303
Found hnAYuJlEXQaDtiWIRmxU at 671663
Found vQxoDqgAkBzsPliTZjKf at 378573
Found wqRcdjoDMENbpVQsuaOA at 340146
Found IwMcUPXWtmaROfANpkov at 194962
Found sNPDhrqHTQcdRzeUZaMo at 311332
Found UAhGsdkvmynbjVFOtgWH at 839274
Found sjkvcKSdPyDflAHMNwqX at 529948
Found gLezafKhwnEICrWHZToi at 600378
Found HTjQpdMsmVZKCIwPYbaN at 189455
Found wGRKukbqdDflrHLvPgJU at 51680
Found QVziwRhKHISYBtJplZDy at 112164
Found OVSPgrlqLDyvHxiBaNnw at 775123
Found JRdEDsFvbGhoOyzZmqNi at 114249
Found QDFywthxMjRSXCEPuHGz at 970290
Found ciDIQEdpqhrRMBCskaUF at 745388
Found NGZgALbzOTjqtwEQlBmP at 361693
Found rMANsXxUSPFnugBvtRDG at 784739
Found LJkyqgYmjIGSFNKpOExA at 399648
Found iWcLzQJVNlkmxbrUtvSH at 593395
Found YJueBPCwxTUqjLEcvRiF at 268139
Found ykbqiLtzsUXVmSpvlZAf at 176164
Found gpKkEQIPOqFTsenZSDwr at 310884
Found SRBnEIbTYOKtyQgMdskl at 145216
Found ZeCBgvTXrotpaRhWmxjb at 437499
Found blOmRchBiDfZTIvEWHGx at 48841
Found iNOLEkVpzJHZWUrKdRmw at 686476
Found FAiqCaKBnXkfDpuESxYs at 381199
Found EihfjenSoOzDvINRULwT at 693935
Found xiaeutwWKlIgoHNhYTfU at 28943
Found puorIzqcmXdCgaFDBsef at 790819
Found deJrziNUpChtXEHYMumR at 337977
Found uZWsndqIehozgKRSQJcD at 606933
Found BkZMWCXiurRczYDbLqwa at 775220
Found NQZrIWYXcJiBtnohyLuT at 225333
Found sBjWlHuyhbLVpnYoGfRq at 713080
Found rNQvqsIoCwcVxyDWPljp at 453095
Found UVChHojbEdQfrBRTAGxm at 808882
Found WbtDxLvsPaYgKHFhClOU at 729399
Found LDblJNTezKqjCByWRESf at 744556
Found XpKciFIMbeBkNZanwACT at 574302
Found RKVQWSCOlTLIEAGhzNBj at 257963
Found cufHRKoXYwGtigCNQzZO at 255767
Found iUobCfOSKjkIqgpuJyxZ at 135115
Found XHDomiBCtxWujfAgFRkb at 293136
Found weWvjroQZXlAPRSYyEkV at 403967
Found fRDpgoHjAZrUCetKQhwT at 444226
Found bCnHRFzTkejwQgrcUsJA at 97421
Found pUvMCLXTWRZGKHbxfPQh at 206013
Found MRdSNDHxqowGAZpLhusF at 34696
Found bumnWdVRjTzBDaoyhIAZ at 62851
Found obIGfkRiyOzSUKCvNsVH at 321593
Found NpfYPKaMAoguVdcCksUe at 711270
Found xGyHNjdBMalXrhYCRPAz at 136319
Found vXAslRpcgGuZMeEhYCqr at 361374
Found OpojVkSrmKIqilbMXLtE at 565776
Found dtiujlxroAyFHReXIqfO at 95149
Found MZUspNQIgXLxokDhJWvP at 633310
Found dnwjgCGtEVYHPQUaeicA at 23409
Found KWpvkdUxqDOGnBNEPyls at 434054
Found xJYjQPWICBkrEhoMOSVu at 805757
Found xdAVGgtFuXnzowacHrWy at 346582
Found ysRBGvCYfnktFMoqPadr at 625055
Found iKwrOZvfNyDUQRLHmodu at 878348
Found lTjxrtBpaLPfqXQRMGID at 948180
Found wHWTRMqFyVskJetSYhCX at 596802
Found ziYQZhuRwIUyaxPFgsbA at 867890
Found PTZNExBzvcanfrutIAlw at 23546
Found SYABoknlIMZgQHGyWxuF at 882263
Found OWTyojXgvuUrSfDABFNL at 641777
Found zdKhPXbyrCamMpQxUTei at 82890
Found pzFAQXudqbKsajDBelyT at 792309
Found EnpYsvhKHROCLoxFjtcw at 837397
Found TfQOMFByjgWZilcGLrYK at 682447
Found tRDxBSbjzUYhkvKZEIFd at 979982
Found leqaAucjsYxQifWMRvJV at 203541
Found MThxZNGjXAtSQUpKVIDb at 221554
Found PgJavEfOUjbsmTBkxKWo at 594046
Found ZurlGhcIOWqMmFCfRXPn at 182501
Found IJxiqrHsRXOSbaWTcKNM at 124423
Found CNqTujaEHdMnSPbiOoXR at 393380
Found vEOgVYLWCJfwsQojFZlr at 287490
Found nFPQkNzlHBJtcRYswyhi at 700202
Found bQpTEWyfViIFPUlHRNOL at 3176
Found QmJBXEZSYavosUKuNGel at 629907
Found UbMHDBFCmOLQZpTRYEPX at 609541
Found RderGBUYFIWlXHzQacgn at 52391
Found uZtwamyvNIzfBnLCJrjd at 365951
Found BMXNxRSjQeymwdKoFiZu at 31443
Found npwhXQEHxSRTsvtLfFPi at 220369
Found yjahIXBbAcNtEnxWpTmP at 577627
Found qVKoEYbavmQPruWAOUfB at 226189
Found amSCHtvBNhjdgEQeKxyF at 665676
Found vNPEkudXomiferDVZKTB at 989921
Found QOIKZBVSfoYrwvudtWDl at 855583
Found oCDtvHYQncKIOgASfwmV at 744272
Found EuorSpXkICnHDTRcfdZi at 552403
Found OFlNaxUMWJGdmjirvKZo at 529064
Found mMlxWCJBwKNTPZyXiStc at 886913
Found GnjqBTylhdmZcwXapuVP at 358609
Found FRvjYcAGWSdfhaweuyMk at 513535
Found piJbsZayRzgrvCmjtkhL at 772781
Found YxkUCZdaQOcBqbAGlSoh at 472893
Found knlToXSDQJZwmEpsHYev at 845740
Found XLWMCGbTcmrBNqQOgHnz at 876096
Found fUxMTrHkORAhieCzYGtp at 627590
Found KcIMaGBQgtnLuvDXFRyp at 35685
Found mYpwGZrJhxfebWIjkTgs at 354822
Found EQNWBFfnvatAiHMXgpmy at 213418
Found vxUMjTzslPrkoFHgqVCa at 332322
Found hktFvIdZEqzXGMesPUWp at 298354
Found CpTEhHunwiYVjJDxFNzK at 419793
Found kvFreDjIgYifwbOqUaKt at 276724
Found DBgGaFTERmHPJiMOknLs at 320789
Found ZEbkWFYLJdQHwoOXmTRc at 10986
Found hYLacdSrKItCXnFeOjQb at 857656
Found JrekmpDuwWVflxAHKUoP at 407414
Found yeWGOBhSXKrulgQHMjmF at 627796
Found yNoAJCXShubiUHYOMxKV at 415247
Found btPoncIAqhSGxywUHTuZ at 60599
Found FQsrncmxlLNkjYgUWaHe at 301492
Found BnAMUIkzyFYxqNfWlPad at 563740
Found ICQFVlLdWibahtkBSPog at 277133
Found PVpTgvyUcLExIZnmjeds at 577018
Found kesMOLvQiCbmAINGEnwP at 163713
Found rViNRqFbtljGMmavuIwX at 885954
Found pEDbIKgtchCkoiSuNPsj at 924795
Found cKioFkuqgRtxabCHUpdX at 355662
Found WFdAaCbSPyujwDcGrZxs at 680076
Found mvgkrViwAfsoFKpRdlWC at 36315
Found WvigoQbYmAjrfdUDyXws at 247222
Found VYPiSNApULWCRFjzymeG at 205037
Found LzfPwlgbUAEsaNXomGHd at 993962
Found rBIdRoNXlenUHsmDKJkg at 127082
Found jNgCIETBxlSXDqPALekK at 546055
Found yxbRBiVKluImFtZUHPEc at 127518
Found FXLbCRrfBOSsIHuwKygi at 109301
Found SsZgUnpBKFDclOWeIxVq at 718200
Found aULHtPbjJnwmyuMSYoAe at 461066
Found aNXPSitERmcsgbxQedKw at 391847
Found DakFJrPsTzbSIGMQnWim at 108600
Found aTeFVWdIrGlhEMPORmyK at 844992
Found LBvTzYaUkPREJndGrFhA at 149994
Found EGXHYuoJePhZgyqIrLCp at 45633
Found MxRvjLArIuyOCJWqtbld at 18937
Found AgvOKorlWkPRcaEtVwIh at 703012
Found MRZywvTiKxSCYJnXNOQA at 57731
Found ipatshfWKxFCNTnSOyel at 536049
Found uNpyCMXRVfOjcAxLtldE at 672945
Found CJTaobpiKSytPgWdmlZe at 429038
Found rOSowcPQpCDtnkiILGqX at 192166
Found vkWJSLohyxYfuziMBCsd at 549919
Found QFTOLkYrvfPZDbquCoeJ at 23468
Found UxPAapQsDeXuSbYMTRHk at 255776
Found GXjxEDenmTVKAsRwYtok at 275639
Found oQBkCybJgvsqNpnYIGzH at 281698
Found gEHKAeBQavSsqYPzwhDl at 211475
Found DoHBWgKmUIzpdLrXqkaR at 617834
Found qNcHBDyKPszYMgvIUXaV at 730478
Found sVWrTKIaiJtHbCXMuURo at 155682
Found nwKpjsXoMJZFNyQaVeTg at 625529
Found tXKrxSiQhjOeDawLNzsZ at 697070
Found MXTaRNwxqoEChYuGipQI at 567699
Found QaGtMolXwIenLPBVhypz at 507667
Found YCyDHhwWmZToKeBQORdM at 687346
Found GckDwILdFonqlxzfSmpX at 550546
Found xrQGwyCaYZVnBhckdEPH at 487822
Found kBDLVytFgcswArGMYiWS at 498071
Found okcUSZglCRJFPHaeGmfQ at 305613
Found LPXCHRWIxrsSOmgKczNF at 234778
Found rQATeGFmWkpDywLYRjdM at 425934
Found kuDbFGiCRaTHNKZmvgdf at 729493
Found WCchHKlotNXyYbTDmxZE at 566584
Found dtelZSvEuBFqULcRnJsw at 456726
Found CVHEwxnlSNAukoXbQftF at 625029
Found wqRSpisJhjMQxbTVFvfl at 322023
Found amZqMVLkBQxhjTKEwDYl at 593905
Found wVkKyoBMiqGvafnuFReL at 652593
Found biKtTwPaCWJxFuyfopHm at 354987
Found vqNbnUQFurpmglWRPGwT at 817319
Found bTdrGUsQjDWHeSYOvKwf at 206969
Found MoYWVNhJCaFkbKqZQBeI at 127195
Found NsIeXMZDkPvQdHwLUfuF at 427193
Found eCBRxzMSXlVyPpkHbwQY at 927495
Found LAVjHWqIRCwQeOUmdPoT at 544959
Found VLCPbftvIhBAFpGKErUo at 445410
Found WBiJnshlAegaHkSMXDbI at 355086
Found YjHkvKNEqhIiMUuPWOfr at 964255
Found YWbyxRULdNAiVHIKaOFp at 679445
Found nbQOsHgwPrfzSWVhTEdY at 268833
Found ZwTMprWBaQPtsGemAjUL at 143148
Found WlypTBFHbDhUImoARMuL at 369765
Found eMVCLBpRfxhkojacOHtd at 137392
Found RwrvdKASzhPIVxtFmpXn at 896751
Found TLryQlNgcweBUbvujnsk at 59641
Found uITqJPzrYanxRspbvckj at 987850
Found GntXiHxJLTvAdYNZSwyz at 42983
Found GvkJWLSicspIjCfbTqwM at 135064
Found zLVeUnASlTZMspfNrqJQ at 354507
Found RsmUSNBpVMFonvLhxiIu at 486755
Found SKdbYgoQAURXFBsWaDik at 9826
Found yfglawxMKOrFeNJDpYCm at 515693
Found mnIAlxdCfuMOekDZpHJc at 36706
Found claTPefViCytLmoSbXQv at 217371
Found ErvGOdjFzaplqQxByNbT at 229342
Found eohnitIBuPslJXSvEcWp at 220483
Found dpkNCSnxfiMcGbHzyqOQ at 533943
Found eFgqPunEANwUBIcViKmQ at 323019
Found xlpCyXgEzmYSFarIWRLU at 313166
Found ywRdYtkalBFNoUTxjKVO at 33157
Found SgcPlEJCBTdohVjnaOYf at 842896
Found XBhqvYRDxbFOaGLMfciA at 178367
Found oAMVESRPtYHgOUaKshcf at 161380
Found mCOfctIWuaRkhyAElgUB at 448978
Found ynWCmrqGbHEtDoMITOLe at 195407
Found PJcNKnblUdeuCjOTykVM at 855002
Found ixGwfysCqTtRHuOUKIeg at 954012
Found IltzMFQhxfdKUEuaepHL at 812343
Found FxUGBWaPKzsoCYRwJjTb at 394301
Found kzLlCIFmvbtwQRJauHGU at 587488
Found RKgbvupHUEPxdcFSIeBo at 9621
Found zHEZYeFsryBlPaNtcnQT at 78072
Found ItcknZAMHQewPBKirTDy at 523645
Found uDEcplhTafWPRUBeyzwH at 539191
Found CTLnqZVBfDXsOgAzEJjM at 360711
Found CrzZseXbpOYfxJFoTQIA at 961214
Found kQUuXaiCxzomBLdJGcMw at 421695
Found QRYxEUqpIdcwliOLfTeu at 989736
Found xNYdrmHVbMRqXplQKgCc at 188526
Found XNYiruzxRGwqcLKCtfhl at 383873
Found vwdMXoZxnBUOlhuFLIRj at 594370
Found UkPbtBTDwKAFrugcWHQE at 444137
Found HQlySJxWzeqBLwdUIusm at 702770
Found CLRmhkfzdbWxNXyOpGsE at 280914
Found gBVMTrCcFGyNbmYDtdOu at 941890
Found jMsNpCBXmJPlUnVvATKR at 422549
Found leiQdOGFcRYMEzxWvBAP at 584523
Found JNtewqcbhXzVokaSCrjv at 182517
Found iAlMaLhtbEdYSCRsOvXj at 103683
Found NTzxsCUOreFjJcSnIylX at 978162
Found tcDNXQPyIzoAFLwCRMqT at 907525
Found IMlitkxhGugbLFErKfWO at 897249
Found MNfnFbtlVqzrRaLEIhSQ at 824409
Found ACRuFVnGOdapZzyUQqiW at 750575
Found sONCySjmJXFiugxflHdI at 421088
Found tcYaOKjgNrBAbFPkwUQG at 694333
Found YSKvhrZcixBDbCzgFHja at 762243
Found kKPCvZYmUEOtygihFIMD at 826637
Found FbWhOlNzXTquCotcKasU at 470939
Found YURpbTafAXgNPqOwlWCz at 28912
Found wukcpDIzlmorfRGOhsMF at 700627
Found NIbtrXHYzVJfLRFuOgGm at 234073
Found OPWmHeifATQxZpUEykSV at 461192
Found zwnBqVbCPTDstyXeLodp at 963820
Found sXnKquhOepMiPDworTQN at 936403
Found KUVMZyDhTaeJmpWzNiCL at 872934
Found wapkqjAuDmLEVvNtzoiI at 450702
Found aGNukQHcJgwVXnAzKjql at 875856
Found lRpeMLoDqPYywfBdnOZG at 275640
Found CtLaWUvDXzyHIjhedSTO at 505824
Found XrHjRZNhopJnqxMWYTds at 600043
Found iWfSDEOwxsBpokvamPRd at 814332
Found qEZsvYOJPjoXktLmaRBU at 649975
Found SLrQCmZPsGodqaIkJuvg at 995696
Found xRkoINpBbycVWuASZHhn at 625326
Found kboUOPeLjINtDTqQnZar at 191030
Found coekqsFyaBjXupWVtwRM at 685789
Found BmZtGlLcTMegyYpsSVEP at 930273
Found urahqwIEHFtRxdLXWKlO at 182454
Found vsWlzmaIyZVBAhdwPLFt at 552444
Found EGHQxPrztRFiMVWpbOvm at 935181
Found gcVmLtfJZGIMvpjHlDCe at 931209
Found JhCIGuoWEKyZSYPHiXrl at 218221
Found DGqwsIgKbzdUhCtyRONV at 123731
Found RXVxJucqpetbPlrWfwyT at 254910
Found yESfYWOqGuzRLipmVgrQ at 938584
Found AITqbxtYliNfuJOwBdRo at 787419
Found daCWHfivUpQDnerxTSGL at 158865
Found DcFgLPyJMvnudYCaUrzW at 160822
Took 0.71 seconds
