1554069600
1554069600
1554069600
1554069600
1554069600
1554084000
1554084000
1554084000
1554084000
1554084000
1554084000
1554084000
1554084000
1554084000
1554084000
1554084000
1554084000
1554084000
1554084000
1554084000
1554084000
1554084000
1554084000
1554084000
1554084000
1554084000
1554084000
1554084000
1554084000
1554084000
1554084000
1554084000
1554084000
1554084000
1554084000
1554087600
1554087600
1554087600
1554087600
1554087600
1554094800
1554094800
1554094800
1554094800
1554094800
1554094800
1554094800
1554094800
1554094800
1554094800
1554094800
1554094800
1554094800
1554094800
1554094800
1554094800
1554094800
1554094800
1554094800
1554094800
1554094800
1554094800
1554094800
1554094800
1554094800
1554094800
1554094800
1554094800
1554094800
1554094800
1554094800
1554094800
1554094800
1554094800
1554094800
1554094800
1554094800
1554094800
1554094800
1554094800
1554094800
1554094800
1554098400
1554098400
1554098400
1554098400
1554098400
1554098400
1554098400
1554098400
1554098400
1554098400
1554098400
1554098400
1554098400
1554098400
1554098400
1554098400
1554098400
1554098400
1554098400
1554098400
1554098400
1554098400
1554098400
1554098400
1554098400
1554098400
1554098400
1554098400
1554098400
1554098400
1554098400
1554098400
1554098400
1554098400
1554098400
1554098400
1554098400
1554098400
1554098400
1554098400
1554098400
1554098400
1554098400
1554098400
1554098400
1554098400
1554098400
1554098400
1554098400
1554098400
1554098400
1554098400
1554098400
1554098400
1554098400
1554098400
1554098400
1554098400
1554098400
1554098400
1554098400
1554098400
1554098400
1554098400
1554098400
1554098400
1554098400
1554098400
1554098400
1554098400
1554102000
1554102000
1554102000
1554102000
1554102000
1554102000
1554102000
1554102000
1554102000
1554102000
1554102000
1554102000
1554102000
1554102000
1554102000
1554102000
1554102000
1554102000
1554102000
1554102000
1554102000
1554102000
1554102000
1554102000
1554102000
1554102000
1554102000
1554102000
1554102000
1554102000
1554102000
1554102000
1554102000
1554102000
1554105600
1554105600
1554105600
1554105600
1554105600
1554109200
1554109200
1554109200
1554116400
1554116400
1554116400
1554116400
1554116400
1554116400
1554116400
1554116400
1554116400
1554116400
1554116400
1554116400
1554116400
1554116400
1554116400
1554116400
1554116400
1554116400
1554116400
1554116400
1554116400
1554116400
1554116400
1554116400
1554116400
1554116400
1554116400
1554116400
1554116400
1554116400
1554116400
1554116400
1554116400
1554116400
1554116400
1554116400
1554116400
1554116400
1554116400
1554116400
1554116400
1554116400
1554116400
1554116400
1554120000
1554120000
1554120000
1554120000
1554120000
1554120000
1554120000
1554120000
1554120000
1554120000
1554120000
1554120000
1554120000
1554120000
1554120000
1554120000
1554120000
1554120000
1554120000
1554120000
1554120000
1554120000
1554120000
1554120000
1554120000
1554120000
1554120000
1554120000
1554120000
1554120000
1554120000
1554120000
1554120000
1554120000
1554120000
1554120000
1554120000
1554120000
1554120000
1554120000
1554120000
1554120000
1554120000
1554120000
1554120000
1554120000
1554120000
1554120000
1554120000
1554120000
1554120000
1554120000
1554120000
1554120000
1554120000
1554120000
1554120000
1554120000
1554120000
1554120000
1554120000
1554120000
1554120000
1554120000
1554120000
1554120000
1554120000
1554120000
1554120000
1554120000
1554120000
1554120000
1554120000
1554120000
1554120000
1554120000
1554120000
1554120000
1554120000
1554120000
1554120000
1554120000
1554120000
1554120000
1554120000
1554120000
1554120000
1554120000
1554120000
1554120000
1554120000
1554120000
1554120000
1554120000
1554120000
1554120000
1554120000
1554120000
1554120000
1554120000
1554120000
1554120000
1554120000
1554120000
1554120000
1554120000
1554120000
1554120000
1554120000
1554120000
1554120000
1554120000
1554120000
1554120000
1554120000
1554120000
1554120000
1554120000
1554120000
1554120000
1554120000
1554120000
1554120000
1554120000
1554120000
1554120000
1554120000
1554120000
1554120000
1554120000
1554120000
1554120000
1554120000
1554120000
1554120000
1554120000
1554120000
1554120000
1554120000
1554120000
1554120000
1554120000
1554120000
1554120000
1554120000
1554120000
1554120000
1554120000
1554120000
1554120000
1554120000
1554120000
1554120000
1554120000
1554120000
1554120000
1554120000
1554120000
1554120000
1554120000
1554120000
1554120000
1554120000
1554120000
1554120000
1554120000
1554120000
1554120000
1554120000
1554120000
1554120000
1554120000
1554120000
1554120000
1554120000
1554120000
1554123600
1554123600
1554123600
1554123600
1554123600
1554123600
1554123600
1554123600
1554123600
1554123600
1554123600
1554123600
1554123600
1554123600
1554123600
1554123600
1554123600
1554123600
1554123600
1554123600
1554123600
1554123600
1554123600
1554123600
1554123600
1554123600
1554123600
1554127200
1554134400
1554134400
1554134400
1554134400
1554134400
1554141600
1554148800
1554148800
1554148800
1554148800
1554148800
1554148800
1554148800
1554148800
1554148800
1554148800
1554148800
1554148800
1554148800
1554148800
1554148800
1554148800
1554148800
1554148800
1554148800
1554148800
1554148800
1554148800
1554148800
1554148800
1554148800
1554148800
1554148800
1554148800
1554148800
1554148800
1554148800
1554148800
1554148800
1554148800
1554148800
1554148800
1554148800
1554148800
1554148800
1554148800
1554148800
1554148800
1554148800
1554148800
1554148800
1554148800
1554148800
1554148800
1554148800
1554148800
1554148800
1554148800
1554148800
1554148800
1554148800
1554148800
1554148800
1554148800
1554148800
1554148800
1554148800
1554148800
1554148800
1554148800
1554148800
1554148800
1554148800
1554181200
1554181200
1554181200
1554181200
1554181200
1554181200
1554181200
1554181200
1554181200
1554181200
1554181200
1554181200
1554181200
1554181200
1554181200
1554181200
1554181200
1554181200
1554181200
1554181200
1554181200
1554181200
1554181200
1554181200
1554181200
1554181200
1554181200
1554181200
1554181200
1554181200
1554181200
1554181200
1554181200
1554181200
1554181200
1554181200
1554181200
1554181200
1554181200
1554181200
1554181200
1554181200
1554181200
1554181200
1554181200
1554181200
1554181200
1554181200
1554181200
1554181200
1554181200
1554181200
1554181200
1554181200
1554181200
1554181200
1554181200
1554181200
1554181200
1554181200
1554181200
1554181200
1554181200
1554181200
1554181200
1554181200
1554181200
1554181200
1554181200
1554181200
1554181200
1554181200
1554181200
1554181200
1554181200
1554181200
1554181200
1554181200
1554181200
1554181200
1554181200
1554181200
1554181200
1554181200
1554181200
1554181200
1554181200
1554181200
1554181200
1554181200
1554181200
1554181200
1554184800
1554184800
1554184800
1554184800
1554184800
1554184800
1554184800
1554184800
1554184800
1554184800
1554184800
1554184800
1554184800
1554184800
1554184800
1554184800
1554184800
1554184800
1554184800
1554184800
1554184800
1554184800
1554184800
1554184800
1554184800
1554184800
1554184800
1554184800
1554184800
1554184800
1554184800
1554184800
1554184800
1554184800
1554184800
1554184800
1554184800
1554184800
1554184800
1554184800
1554184800
1554184800
1554184800
1554184800
1554184800
1554184800
1554184800
1554184800
1554184800
1554184800
1554184800
1554184800
1554184800
1554184800
1554184800
1554184800
1554184800
1554184800
1554184800
1554184800
1554184800
1554184800
1554184800
1554184800
1554184800
1554184800
1554184800
1554184800
1554184800
1554184800
1554184800
1554184800
1554184800
1554184800
1554184800
1554184800
1554184800
1554184800
1554184800
1554184800
1554184800
1554184800
1554184800
1554184800
1554192000
1554192000
1554192000
1554192000
1554192000
1554192000
1554192000
1554192000
1554192000
1554192000
1554192000
1554192000
1554192000
1554195600
1554202800
1554202800
1554202800
1554202800
1554202800
1554202800
1554202800
1554202800
1554202800
1554202800
1554202800
1554202800
1554202800
1554202800
1554202800
1554202800
1554202800
1554202800
1554202800
1554202800
1554202800
1554202800
1554202800
1554202800
1554202800
1554202800
1554202800
1554202800
1554202800
1554202800
1554202800
1554202800
1554202800
1554202800
1554202800
1554202800
1554202800
1554202800
1554202800
1554202800
1554202800
1554202800
1554202800
1554202800
1554202800
1554202800
1554202800
1554202800
1554202800
1554202800
1554202800
1554202800
1554210000
1554210000
1554210000
1554210000
1554210000
1554210000
1554210000
1554210000
1554210000
1554210000
1554210000
1554210000
1554210000
1554210000
1554210000
1554210000
1554210000
1554210000
1554210000
1554210000
1554210000
1554210000
1554210000
1554210000
1554210000
1554210000
1554210000
1554210000
1554235200
1554235200
1554235200
1554235200
1554235200
1554235200
1554235200
1554235200
1554235200
1554235200
1554235200
1554235200
1554235200
1554235200
1554235200
1554235200
1554235200
1554235200
1554235200
1554235200
1554235200
1554235200
1554235200
1554235200
1554235200
1554235200
1554235200
1554235200
1554235200
1554235200
1554235200
1554235200
1554235200
1554235200
1554235200
1554235200
1554235200
1554235200
1554235200
1554235200
1554235200
1554235200
1554235200
1554235200
1554235200
1554235200
1554235200
1554235200
1554235200
1554235200
1554235200
1554235200
1554267600
1554267600
1554267600
1554267600
1554267600
1554267600
1554267600
1554267600
1554267600
1554267600
1554267600
1554267600
1554267600
1554267600
1554267600
1554267600
1554267600
1554267600
1554267600
1554267600
1554267600
1554267600
1554267600
1554267600
1554267600
1554267600
1554267600
1554267600
1554267600
1554267600
1554267600
1554267600
1554267600
1554267600
1554267600
1554267600
1554267600
1554267600
1554267600
1554267600
1554267600
1554267600
1554267600
1554267600
1554267600
1554267600
1554267600
1554267600
1554267600
1554267600
1554267600
1554267600
1554267600
1554267600
1554267600
1554267600
1554267600
1554267600
1554267600
1554267600
1554267600
1554267600
1554267600
1554267600
1554267600
1554267600
1554267600
1554267600
1554267600
1554267600
1554267600
1554267600
1554267600
1554267600
1554267600
1554267600
1554267600
1554267600
1554267600
1554267600
1554267600
1554267600
1554267600
1554267600
1554267600
1554267600
1554267600
1554267600
1554267600
1554267600
1554267600
1554267600
1554267600
1554267600
1554271200
1554271200
1554271200
1554271200
1554271200
1554271200
1554271200
1554271200
1554271200
1554271200
1554274800
1554274800
1554274800
1554274800
1554274800
1554274800
1554274800
1554274800
1554274800
1554278400
1554278400
1554278400
1554278400
1554278400
1554278400
1554278400
1554278400
1554278400
1554278400
1554278400
1554278400
1554282000
1554282000
1554282000
1554282000
1554282000
1554282000
1554282000
1554282000
1554285600
1554285600
1554285600
1554285600
1554285600
1554285600
1554285600
1554285600
1554285600
1554285600
1554285600
1554285600
1554285600
1554285600
1554285600
1554285600
1554285600
1554285600
1554285600
1554285600
1554285600
1554285600
1554285600
1554285600
1554285600
1554289200
1554289200
1554289200
1554289200
1554289200
1554289200
1554289200
1554289200
1554289200
1554289200
1554289200
1554289200
1554289200
1554289200
1554289200
1554289200
1554289200
1554289200
1554289200
1554289200
1554289200
1554289200
1554289200
1554289200
1554289200
1554289200
1554289200
1554289200
1554289200
1554289200
1554289200
1554289200
1554289200
1554289200
1554289200
1554289200
1554289200
1554289200
1554289200
1554289200
1554289200
1554289200
1554289200
1554289200
1554289200
1554289200
1554289200
1554289200
1554289200
1554289200
1554289200
1554289200
1554289200
1554289200
1554289200
1554289200
1554289200
1554289200
1554289200
1554289200
1554289200
1554289200
1554289200
1554289200
1554289200
1554289200
1554289200
1554289200
1554289200
1554289200
1554289200
1554289200
1554289200
1554289200
1554289200
1554289200
1554289200
1554289200
1554289200
1554289200
1554289200
1554289200
1554289200
1554289200
1554289200
1554292800
1554292800
1554292800
1554292800
1554292800
1554292800
1554292800
1554292800
1554292800
1554292800
1554292800
1554292800
1554292800
1554292800
1554292800
1554292800
1554292800
1554292800
1554292800
1554292800
1554292800
1554292800
1554292800
1554292800
1554296400
1554296400
1554296400
1554296400
1554296400
1554296400
1554296400
1554296400
1554296400
1554296400
1554296400
1554296400
1554296400
1554296400
1554296400
1554296400
1554296400
1554296400
1554296400
1554296400
1554296400
1554296400
1554296400
1554296400
1554296400
1554296400
1554296400
1554296400
1554296400
1554296400
1554296400
1554296400
1554296400
1554296400
1554296400
1554296400
1554296400
1554296400
1554296400
1554296400
1554296400
1554296400
1554296400
1554296400
1554296400
1554296400
1554296400
1554296400
1554296400
1554296400
1554296400
1554296400
1554296400
1554307200
1554310800
1554310800
1554310800
1554310800
1554314400
1554314400
1554314400
1554314400
1554314400
1554314400
1554314400
1554314400
1554314400
1554314400
1554314400
1554314400
1554314400
1554314400
1554314400
1554314400
1554314400
1554314400
1554314400
1554314400
1554314400
1554314400
1554314400
1554314400
1554314400
1554314400
1554314400
1554314400
1554314400
1554314400
1554314400
1554314400
1554314400
1554314400
1554314400
1554314400
1554314400
1554314400
1554314400
1554314400
1554314400
1554314400
1554314400
1554314400
1554314400
1554314400
1554314400
1554314400
1554314400
1554314400
1554314400
1554314400
1554314400
1554314400
1554314400
1554314400
1554314400
1554314400
1554314400
1554314400
1554314400
1554314400
1554314400
1554314400
1554314400
1554321600
1554321600
1554321600
1554321600
1554321600
1554321600
1554321600
1554321600
1554321600
1554321600
1554321600
1554321600
1554321600
1554321600
1554321600
1554321600
1554321600
1554321600
1554321600
1554321600
1554321600
1554321600
1554321600
1554321600
1554321600
1554321600
1554321600
1554321600
1554321600
1554321600
1554321600
1554321600
1554321600
1554321600
1554321600
1554321600
1554321600
1554321600
1554321600
1554321600
1554321600
1554321600
1554321600
1554321600
1554321600
1554321600
1554321600
1554321600
1554321600
1554321600
1554354000
1554354000
1554354000
1554354000
1554354000
1554354000
1554354000
1554354000
1554354000
1554354000
1554354000
1554354000
1554354000
1554354000
1554354000
1554354000
1554354000
1554354000
1554354000
1554354000
1554354000
1554354000
1554354000
1554354000
1554354000
1554354000
1554354000
1554354000
1554354000
1554354000
1554354000
1554354000
1554354000
1554354000
1554354000
1554354000
1554354000
1554354000
1554354000
1554354000
1554354000
1554354000
1554354000
1554354000
1554354000
1554354000
1554354000
1554354000
1554354000
1554354000
1554354000
1554354000
1554354000
1554354000
1554354000
1554354000
1554354000
1554354000
1554354000
1554354000
1554354000
1554354000
1554354000
1554354000
1554354000
1554354000
1554354000
1554354000
1554354000
1554354000
1554354000
1554354000
1554354000
1554354000
1554354000
1554354000
1554354000
1554354000
1554354000
1554354000
1554354000
1554354000
1554354000
1554354000
1554354000
1554354000
1554354000
1554354000
1554354000
1554354000
1554357600
1554357600
1554357600
1554357600
1554357600
1554357600
1554357600
1554357600
1554357600
1554357600
1554357600
1554357600
1554357600
1554357600
1554357600
1554357600
1554357600
1554357600
1554357600
1554357600
1554357600
1554357600
1554357600
1554357600
1554357600
1554357600
1554357600
1554357600
1554357600
1554357600
1554357600
1554357600
1554357600
1554357600
1554357600
1554357600
1554357600
1554357600
1554357600
1554357600
1554357600
1554357600
1554357600
1554357600
1554357600
1554357600
1554357600
1554357600
1554357600
1554357600
1554357600
1554357600
1554357600
1554357600
1554357600
1554357600
1554357600
1554357600
1554357600
1554357600
1554357600
1554357600
1554357600
1554357600
1554357600
1554357600
1554357600
1554357600
1554357600
1554357600
1554357600
1554357600
1554357600
1554357600
1554357600
1554357600
1554357600
1554357600
1554357600
1554357600
1554357600
1554357600
1554357600
1554357600
1554357600
1554357600
1554357600
1554357600
1554357600
1554357600
1554357600
1554357600
1554357600
1554357600
1554357600
1554357600
1554357600
1554357600
1554357600
1554357600
1554357600
1554357600
1554357600
1554357600
1554357600
1554357600
1554357600
1554357600
1554357600
1554364800
1554364800
1554364800
1554364800
1554364800
1554364800
1554375600
1554375600
1554375600
1554375600
1554375600
1554375600
1554375600
1554375600
1554375600
1554375600
1554375600
1554375600
1554375600
1554375600
1554375600
1554375600
1554375600
1554375600
1554375600
1554375600
1554375600
1554375600
1554375600
1554375600
1554375600
1554375600
1554375600
1554375600
1554375600
1554375600
1554375600
1554375600
1554375600
1554375600
1554375600
1554375600
1554375600
1554375600
1554375600
1554375600
1554375600
1554375600
1554375600
1554375600
1554375600
1554375600
1554375600
1554375600
1554382800
1554382800
1554382800
1554382800
1554382800
1554382800
1554382800
1554382800
1554382800
1554382800
1554382800
1554382800
1554382800
1554382800
1554382800
1554382800
1554382800
1554382800
1554382800
1554382800
1554382800
1554382800
1554382800
1554382800
1554382800
1554408000
1554408000
1554408000
1554408000
1554408000
1554408000
1554408000
1554408000
1554408000
1554408000
1554408000
1554408000
1554408000
1554408000
1554408000
1554408000
1554408000
1554408000
1554408000
1554408000
1554408000
1554408000
1554408000
1554408000
1554408000
1554408000
1554408000
1554408000
1554408000
1554408000
1554408000
1554408000
1554408000
1554408000
1554408000
1554408000
1554408000
1554408000
1554408000
1554408000
1554408000
1554408000
1554408000
1554408000
1554408000
1554408000
1554408000
1554408000
1554408000
1554408000
1554408000
1554408000
1554408000
1554408000
1554408000
1554440400
1554440400
1554440400
1554440400
1554440400
1554440400
1554440400
1554440400
1554440400
1554440400
1554440400
1554440400
1554440400
1554440400
1554440400
1554440400
1554440400
1554440400
1554440400
1554440400
1554440400
1554440400
1554440400
1554440400
1554440400
1554440400
1554440400
1554440400
1554440400
1554440400
1554440400
1554440400
1554440400
1554440400
1554440400
1554440400
1554440400
1554440400
1554440400
1554440400
1554440400
1554440400
1554440400
1554440400
1554440400
1554440400
1554440400
1554440400
1554440400
1554440400
1554440400
1554440400
1554440400
1554440400
1554440400
1554440400
1554440400
1554440400
1554440400
1554440400
1554440400
1554440400
1554440400
1554440400
1554440400
1554440400
1554440400
1554440400
1554440400
1554440400
1554440400
1554440400
1554440400
1554440400
1554440400
1554440400
1554440400
1554440400
1554440400
1554440400
1554440400
1554440400
1554440400
1554440400
1554440400
1554440400
1554440400
1554440400
1554440400
1554440400
1554440400
1554440400
1554440400
1554444000
1554444000
1554444000
1554444000
1554444000
1554444000
1554444000
1554444000
1554444000
1554444000
1554444000
1554444000
1554444000
1554444000
1554444000
1554444000
1554444000
1554444000
1554444000
1554444000
1554444000
1554444000
1554444000
1554444000
1554444000
1554444000
1554444000
1554444000
1554444000
1554444000
1554444000
1554444000
1554444000
1554444000
1554444000
1554444000
1554444000
1554444000
1554444000
1554444000
1554444000
1554444000
1554444000
1554444000
1554444000
1554444000
1554444000
1554444000
1554444000
1554444000
1554444000
1554444000
1554444000
1554444000
1554444000
1554444000
1554444000
1554444000
1554444000
1554444000
1554444000
1554444000
1554444000
1554444000
1554444000
1554444000
1554444000
1554444000
1554447600
1554447600
1554447600
1554447600
1554451200
1554451200
1554451200
1554451200
1554451200
1554451200
1554451200
1554451200
1554451200
1554451200
1554454800
1554462000
1554462000
1554462000
1554462000
1554462000
1554462000
1554462000
1554462000
1554462000
1554462000
1554462000
1554462000
1554462000
1554462000
1554462000
1554462000
1554462000
1554462000
1554462000
1554462000
1554462000
1554462000
1554462000
1554462000
1554462000
1554462000
1554462000
1554462000
1554462000
1554462000
1554462000
1554462000
1554462000
1554462000
1554462000
1554462000
1554462000
1554462000
1554462000
1554462000
1554462000
1554462000
1554462000
1554462000
1554462000
1554462000
1554462000
1554462000
1554462000
1554462000
1554462000
1554462000
1554462000
1554462000
1554462000
1554462000
1554462000
1554462000
1554462000
1554462000
1554462000
1554462000
1554462000
1554462000
1554462000
1554462000
1554462000
1554462000
1554462000
1554462000
1554462000
1554462000
1554462000
1554462000
1554462000
1554462000
1554462000
1554462000
1554462000
1554462000
1554462000
1554462000
1554462000
1554462000
1554462000
1554462000
1554462000
1554462000
1554462000
1554462000
1554462000
1554462000
1554462000
1554462000
1554462000
1554462000
1554462000
1554462000
1554465600
1554465600
1554465600
1554465600
1554465600
1554465600
1554465600
1554465600
1554465600
1554465600
1554465600
1554465600
1554465600
1554465600
1554465600
1554465600
1554465600
1554465600
1554465600
1554465600
1554465600
1554465600
1554465600
1554465600
1554465600
1554465600
1554465600
1554465600
1554465600
1554465600
1554465600
1554465600
1554465600
1554465600
1554465600
1554465600
1554465600
1554465600
1554465600
1554465600
1554465600
1554465600
1554465600
1554465600
1554465600
1554465600
1554465600
1554465600
1554465600
1554465600
1554465600
1554465600
1554465600
1554465600
1554465600
1554465600
1554465600
1554465600
1554465600
1554465600
1554465600
1554465600
1554465600
1554465600
1554465600
1554465600
1554465600
1554465600
1554465600
1554465600
1554465600
1554465600
1554465600
1554465600
1554465600
1554465600
1554465600
1554465600
1554465600
1554465600
1554465600
1554465600
1554465600
1554465600
1554465600
1554465600
1554465600
1554465600
1554465600
1554465600
1554465600
1554465600
1554465600
1554465600
1554465600
1554465600
1554465600
1554465600
1554465600
1554465600
1554469200
1554469200
1554469200
1554469200
1554469200
1554469200
1554469200
1554469200
1554469200
1554469200
1554469200
1554469200
1554469200
1554469200
1554469200
1554469200
1554469200
1554469200
1554469200
1554469200
1554469200
1554469200
1554469200
1554469200
1554469200
1554469200
1554469200
1554469200
1554469200
1554469200
1554469200
1554469200
1554469200
1554469200
1554469200
1554469200
1554469200
1554469200
1554469200
1554469200
1554469200
1554469200
1554469200
1554469200
1554469200
1554469200
1554469200
1554469200
1554469200
1554469200
1554469200
1554469200
1554469200
1554469200
1554469200
1554469200
1554469200
1554469200
1554469200
1554469200
1554469200
1554469200
1554469200
1554469200
1554469200
1554469200
1554469200
1554469200
1554469200
1554469200
1554469200
1554469200
1554469200
1554469200
1554469200
1554469200
1554469200
1554469200
1554469200
1554469200
1554469200
1554469200
1554469200
1554469200
1554469200
1554469200
1554469200
1554469200
1554469200
1554469200
1554469200
1554469200
1554469200
1554469200
1554469200
1554469200
1554469200
1554469200
1554469200
1554469200
1554469200
1554469200
1554469200
1554469200
1554469200
1554469200
1554469200
1554469200
1554469200
1554469200
1554469200
1554469200
1554469200
1554469200
1554469200
1554469200
1554469200
1554469200
1554469200
1554469200
1554469200
1554469200
1554469200
1554469200
1554469200
1554469200
1554469200
1554469200
1554469200
1554469200
1554469200
1554469200
1554469200
1554469200
1554469200
1554469200
1554469200
1554469200
1554469200
1554469200
1554469200
1554469200
1554469200
1554469200
1554469200
1554469200
1554469200
1554469200
1554469200
1554469200
1554469200
1554469200
1554469200
1554469200
1554469200
1554469200
1554469200
1554469200
1554469200
1554469200
1554469200
1554469200
1554469200
1554469200
1554469200
1554469200
1554469200
1554469200
1554469200
1554469200
1554469200
1554469200
1554469200
1554469200
1554469200
1554469200
1554469200
1554469200
1554469200
1554469200
1554469200
1554469200
1554469200
1554469200
1554469200
1554469200
1554469200
1554469200
1554469200
1554469200
1554469200
1554469200
1554469200
1554469200
1554469200
1554469200
1554469200
1554469200
1554469200
1554469200
1554469200
1554469200
1554469200
1554469200
1554469200
1554469200
1554472800
1554472800
1554472800
1554472800
1554494400
1554494400
1554494400
1554494400
1554494400
1554494400
1554494400
1554494400
1554494400
1554494400
1554494400
1554494400
1554494400
1554494400
1554494400
1554494400
1554494400
1554494400
1554494400
1554494400
1554494400
1554494400
1554494400
1554494400
1554494400
1554494400
1554494400
1554494400
1554494400
1554494400
1554494400
1554494400
1554494400
1554494400
1554494400
1554494400
1554494400
1554494400
1554494400
1554494400
1554494400
1554494400
1554494400
1554494400
1554494400
1554494400
1554494400
1554494400
1554494400
1554494400
1554494400
1554494400
1554494400
1554494400
1554494400
1554494400
1554494400
1554494400
1554498000
1554498000
1554498000
1554498000
1554498000
1554498000
1554498000
1554498000
1554498000
1554498000
1554498000
1554498000
1554501600
1554526800
1554526800
1554526800
1554526800
1554526800
1554526800
1554526800
1554526800
1554526800
1554526800
1554526800
1554526800
1554526800
1554526800
1554526800
1554526800
1554526800
1554526800
1554526800
1554526800
1554526800
1554526800
1554526800
1554526800
1554526800
1554526800
1554526800
1554526800
1554526800
1554526800
1554526800
1554526800
1554526800
1554526800
1554526800
1554526800
1554526800
1554526800
1554526800
1554526800
1554526800
1554526800
1554526800
1554526800
1554526800
1554526800
1554526800
1554526800
1554526800
1554526800
1554526800
1554526800
1554526800
1554526800
1554526800
1554526800
1554526800
1554526800
1554526800
1554526800
1554526800
1554526800
1554526800
1554526800
1554526800
1554526800
1554526800
1554526800
1554526800
1554526800
1554548400
1554548400
1554548400
1554548400
1554548400
1554548400
1554548400
1554548400
1554548400
1554548400
1554548400
1554555600
1554555600
1554555600
1554555600
1554555600
1554555600
1554555600
1554555600
1554555600
1554555600
1554555600
1554580800
1554580800
1554580800
1554580800
1554580800
1554580800
1554580800
1554580800
1554580800
1554580800
1554580800
1554580800
1554580800
1554580800
1554613200
1554613200
1554613200
1554613200
1554613200
1554613200
1554613200
1554613200
1554613200
1554613200
1554613200
1554613200
1554613200
1554613200
1554613200
1554613200
1554613200
1554613200
1554613200
1554613200
1554613200
1554613200
1554613200
1554613200
1554613200
1554613200
1554613200
1554613200
1554613200
1554613200
1554613200
1554613200
1554613200
1554613200
1554613200
1554613200
1554613200
1554613200
1554613200
1554613200
1554613200
1554634800
1554634800
1554634800
1554634800
1554634800
1554634800
1554634800
1554634800
1554634800
1554634800
1554634800
1554642000
1554642000
1554642000
1554642000
1554642000
1554642000
1554642000
1554642000
1554642000
1554642000
1554642000
1554667200
1554667200
1554667200
1554667200
1554667200
1554667200
1554667200
1554667200
1554667200
1554667200
1554667200
1554667200
1554667200
1554667200
1554667200
1554667200
1554667200
1554667200
1554670800
1554670800
1554670800
1554670800
1554670800
1554670800
1554670800
1554670800
1554670800
1554670800
